<?xml version="1.0" encoding="UTF-8"?>
<robot generator="Robot 7.1 (Python 3.10.12 on linux)" generated="2024-10-04T11:44:58.191994" rpa="false" schemaversion="5">
<suite id="s1" name="Tests" source="/home/edson/workpace/course/robot-framework/qaX/smartbit/smartbit-apps/web/tests">
<suite id="s1-s1" name="Enrolls" source="/home/edson/workpace/course/robot-framework/qaX/smartbit/smartbit-apps/web/tests/enrolls.robot">
<test id="s1-s1-t1" name="Should realize a new Enrolls" line="11">
<kw name="Start session" owner="Base" type="SETUP">
<kw name="New Browser" owner="Browser">
<msg time="2024-10-04T11:44:58.736210" level="INFO">{"browser": "firefox", "headless": false, "chromiumSandbox": false, "devtools": false, "handleSIGHUP": true, "handleSIGINT": true, "handleSIGTERM": true, "slowMo": 0.0, "timeout": 30000.0, "tracesDir": "/home/edson/workpace/course/robot-framework/qaX/smartbit/smartbit-apps/web/logs/browser/traces/c29b7b9c-a505-47f6-9640-ceb5feb06c2f"}</msg>
<msg time="2024-10-04T11:44:59.356702" level="INFO">Successfully created browser with options: {"browser":"firefox","headless":false,"chromiumSandbox":false,"devtools":false,"handleSIGHUP":true,"handleSIGINT":true,"handleSIGTERM":true,"slowMo":0,"timeout":30000,"tracesDir":"/home/edson/workpace/course/robot-framework/qaX/smartbit/smartbit-apps/web/logs/browser/traces/c29b7b9c-a505-47f6-9640-ceb5feb06c2f"}</msg>
<arg>browser=firefox</arg>
<arg>headless=False</arg>
<tag>BrowserControl</tag>
<tag>Setter</tag>
<doc>Create a new playwright Browser with specified options.</doc>
<status status="PASS" start="2024-10-04T11:44:58.735686" elapsed="0.621238"/>
</kw>
<kw name="New Page" owner="Browser">
<msg time="2024-10-04T11:45:01.433206" level="INFO">Successfully initialized new page object and opened url: http://localhost:3000/</msg>
<msg time="2024-10-04T11:45:01.433394" level="INFO">No context was open. New context was automatically opened when this page is created.</msg>
<arg>http://localhost:3000/</arg>
<tag>BrowserControl</tag>
<tag>Setter</tag>
<doc>Open a new Page.</doc>
<status status="PASS" start="2024-10-04T11:44:59.357232" elapsed="2.076435"/>
</kw>
<status status="PASS" start="2024-10-04T11:44:58.735131" elapsed="2.698812"/>
</kw>
<kw name="Create Dictionary" owner="BuiltIn">
<msg time="2024-10-04T11:45:01.434893" level="INFO">${account} = {'name': 'Paulo Cintura', 'email': 'paulo@cintura.com.br', 'cpf': '05138356011'}</msg>
<var>${account}</var>
<arg>name=Paulo Cintura</arg>
<arg>email=paulo@cintura.com.br</arg>
<arg>cpf=05138356011</arg>
<doc>Creates and returns a dictionary based on the given ``items``.</doc>
<status status="PASS" start="2024-10-04T11:45:01.434273" elapsed="0.000686"/>
</kw>
<kw name="Delete Account By Email" owner="Database">
<arg>${account}[email]</arg>
<status status="PASS" start="2024-10-04T11:45:01.435369" elapsed="0.014777"/>
</kw>
<kw name="Insert Account" owner="Database">
<arg>${account}</arg>
<status status="PASS" start="2024-10-04T11:45:01.451234" elapsed="0.010196"/>
</kw>
<kw name="Go to Login pages" owner="Login">
<kw name="Go To" owner="Browser">
<msg time="2024-10-04T11:45:01.647593" level="INFO">Successfully opened URL http://localhost:3000/login</msg>
<arg>http://localhost:3000/login</arg>
<tag>BrowserControl</tag>
<tag>Setter</tag>
<doc>Navigates to the given ``url``.</doc>
<status status="PASS" start="2024-10-04T11:45:01.462413" elapsed="0.185414"/>
</kw>
<status status="PASS" start="2024-10-04T11:45:01.461985" elapsed="0.186059"/>
</kw>
<kw name="Submit login form" owner="Login">
<kw name="Fill Text" owner="Browser">
<msg time="2024-10-04T11:45:01.650172" level="INFO">Fills the text 'sac@smartbit.com' in the given field.</msg>
<arg>css=input[name=email]</arg>
<arg>${email}</arg>
<tag>PageContent</tag>
<tag>Setter</tag>
<doc>Clears and fills the given ``txt`` into the text field found by ``selector``.</doc>
<status status="PASS" start="2024-10-04T11:45:01.649432" elapsed="0.063956"/>
</kw>
<kw name="Fill Text" owner="Browser">
<msg time="2024-10-04T11:45:01.714259" level="INFO">Fills the text 'pwd123' in the given field.</msg>
<arg>css=input[placeholder='Sua Senha']</arg>
<arg>${password}</arg>
<tag>PageContent</tag>
<tag>Setter</tag>
<doc>Clears and fills the given ``txt`` into the text field found by ``selector``.</doc>
<status status="PASS" start="2024-10-04T11:45:01.713707" elapsed="0.021348"/>
</kw>
<kw name="Click" owner="Browser">
<msg time="2024-10-04T11:45:01.736060" level="INFO">Clicks the element 'css=button &gt;&gt; text=Entrar'.</msg>
<arg>css=button &gt;&gt; text=Entrar</arg>
<tag>PageContent</tag>
<tag>Setter</tag>
<doc>Simulates mouse click on the element found by ``selector``.</doc>
<status status="PASS" start="2024-10-04T11:45:01.735453" elapsed="0.054040"/>
</kw>
<arg>sac@smartbit.com</arg>
<arg>pwd123</arg>
<status status="PASS" start="2024-10-04T11:45:01.648589" elapsed="0.141131"/>
</kw>
<kw name="User is logged in" owner="Navbar">
<kw name="Set Variable" owner="BuiltIn">
<msg time="2024-10-04T11:45:01.791081" level="INFO">${element} = css=.logged-user</msg>
<var>${element}</var>
<arg>css=.logged-user</arg>
<doc>Returns the given values which can then be assigned to a variables.</doc>
<status status="PASS" start="2024-10-04T11:45:01.790803" elapsed="0.000326"/>
</kw>
<kw name="Wait For Elements State" owner="Browser">
<msg time="2024-10-04T11:45:03.135211" level="INFO">Waited for Element with selector css=.logged-user at state visible</msg>
<arg>${element}</arg>
<arg>visible</arg>
<arg>5</arg>
<tag>PageContent</tag>
<tag>Wait</tag>
<doc>Waits for the element found by ``selector`` to satisfy state option.</doc>
<status status="PASS" start="2024-10-04T11:45:01.791372" elapsed="1.344139"/>
</kw>
<kw name="Get Text" owner="Browser">
<msg time="2024-10-04T11:45:03.180846" level="INFO">Text: 'sac@smartbit.com'</msg>
<arg>${element}</arg>
<arg>equal</arg>
<arg>${email}</arg>
<tag>Assertion</tag>
<tag>Getter</tag>
<tag>PageContent</tag>
<doc>Returns text attribute of the element found by ``selector``.</doc>
<status status="PASS" start="2024-10-04T11:45:03.135947" elapsed="0.045018"/>
</kw>
<arg>sac@smartbit.com</arg>
<status status="PASS" start="2024-10-04T11:45:01.790166" elapsed="1.390926"/>
</kw>
<kw name="Go to Enrolls">
<kw name="Click" owner="Browser">
<msg time="2024-10-04T11:45:03.182301" level="INFO">Clicks the element 'css=a[href="/memberships"]'.</msg>
<arg>css=a[href="/memberships"]</arg>
<tag>PageContent</tag>
<tag>Setter</tag>
<doc>Simulates mouse click on the element found by ``selector``.</doc>
<status status="PASS" start="2024-10-04T11:45:03.181866" elapsed="0.072082"/>
</kw>
<kw name="Wait For Elements State" owner="Browser">
<msg time="2024-10-04T11:45:03.266506" level="INFO">Waited for Element with selector css=h1 &gt;&gt; text=Matrículas at state visible</msg>
<arg>css=h1 &gt;&gt; text=Matrículas</arg>
<arg>visible</arg>
<arg>5</arg>
<tag>PageContent</tag>
<tag>Wait</tag>
<doc>Waits for the element found by ``selector`` to satisfy state option.</doc>
<status status="PASS" start="2024-10-04T11:45:03.254287" elapsed="0.012429"/>
</kw>
<status status="PASS" start="2024-10-04T11:45:03.181365" elapsed="0.085527"/>
</kw>
<kw name="Go to Enrolls form">
<kw name="Click" owner="Browser">
<msg time="2024-10-04T11:45:03.268218" level="INFO">Clicks the element 'css=a[href="/memberships/new"]'.</msg>
<arg>css=a[href="/memberships/new"]</arg>
<tag>PageContent</tag>
<tag>Setter</tag>
<doc>Simulates mouse click on the element found by ``selector``.</doc>
<status status="PASS" start="2024-10-04T11:45:03.267638" elapsed="0.084445"/>
</kw>
<kw name="Wait For Elements State" owner="Browser">
<msg time="2024-10-04T11:45:03.378231" level="INFO">Waited for Element with selector css=h1 &gt;&gt; text=Nova Matrícula at state visible</msg>
<arg>css=h1 &gt;&gt; text=Nova Matrícula</arg>
<arg>visible</arg>
<arg>5</arg>
<tag>PageContent</tag>
<tag>Wait</tag>
<doc>Waits for the element found by ``selector`` to satisfy state option.</doc>
<status status="PASS" start="2024-10-04T11:45:03.352459" elapsed="0.026039"/>
</kw>
<status status="PASS" start="2024-10-04T11:45:03.267196" elapsed="0.111462"/>
</kw>
<kw name="Select account">
<kw name="Fill Text" owner="Browser">
<msg time="2024-10-04T11:45:03.379948" level="INFO">Fills the text 'Paulo Cintura' in the given field.</msg>
<arg>css=input[aria-label=select_account]</arg>
<arg>${name}</arg>
<tag>PageContent</tag>
<tag>Setter</tag>
<doc>Clears and fills the given ``txt`` into the text field found by ``selector``.</doc>
<status status="PASS" start="2024-10-04T11:45:03.379450" elapsed="0.035872"/>
</kw>
<kw name="Click" owner="Browser">
<msg time="2024-10-04T11:45:03.416650" level="INFO">Clicks the element 'css=[data-testid="05138356011"]'.</msg>
<arg>css=[data-testid="${cpf}"]</arg>
<tag>PageContent</tag>
<tag>Setter</tag>
<doc>Simulates mouse click on the element found by ``selector``.</doc>
<status status="PASS" start="2024-10-04T11:45:03.415718" elapsed="0.074872"/>
</kw>
<arg>Paulo Cintura</arg>
<arg>05138356011</arg>
<status status="PASS" start="2024-10-04T11:45:03.378959" elapsed="0.111804"/>
</kw>
<kw name="Select plan">
<kw name="Fill Text" owner="Browser">
<msg time="2024-10-04T11:45:03.492230" level="INFO">Fills the text 'Plano Black' in the given field.</msg>
<arg>css=input[aria-label=select_plan]</arg>
<arg>${plan}</arg>
<tag>PageContent</tag>
<tag>Setter</tag>
<doc>Clears and fills the given ``txt`` into the text field found by ``selector``.</doc>
<status status="PASS" start="2024-10-04T11:45:03.491691" elapsed="0.031841"/>
</kw>
<kw name="Click" owner="Browser">
<msg time="2024-10-04T11:45:03.524684" level="INFO">Clicks the element 'css=div[class$=option] &gt;&gt; text=Plano Black'.</msg>
<arg>css=div[class$=option] &gt;&gt; text=${plan}</arg>
<tag>PageContent</tag>
<tag>Setter</tag>
<doc>Simulates mouse click on the element found by ``selector``.</doc>
<status status="PASS" start="2024-10-04T11:45:03.523885" elapsed="0.053961"/>
</kw>
<arg>Plano Black</arg>
<status status="PASS" start="2024-10-04T11:45:03.491208" elapsed="0.086811"/>
</kw>
<kw name="Fill payment card">
<kw name="Fill Text" owner="Browser">
<msg time="2024-10-04T11:45:03.579219" level="INFO">Fills the text '4242424242424242' in the given field.</msg>
<arg>css=input[name=card_number]</arg>
<arg>${number}</arg>
<tag>PageContent</tag>
<tag>Setter</tag>
<doc>Clears and fills the given ``txt`` into the text field found by ``selector``.</doc>
<status status="PASS" start="2024-10-04T11:45:03.578788" elapsed="0.022621"/>
</kw>
<kw name="Fill Text" owner="Browser">
<msg time="2024-10-04T11:45:03.602421" level="INFO">Fills the text 'Pauo Cintura' in the given field.</msg>
<arg>css=input[name=card_holder]</arg>
<arg>${holder}</arg>
<tag>PageContent</tag>
<tag>Setter</tag>
<doc>Clears and fills the given ``txt`` into the text field found by ``selector``.</doc>
<status status="PASS" start="2024-10-04T11:45:03.601697" elapsed="0.014953"/>
</kw>
<kw name="Fill Text" owner="Browser">
<msg time="2024-10-04T11:45:03.617674" level="INFO">Fills the text '11' in the given field.</msg>
<arg>css=input[name=card_month]</arg>
<arg>${month}</arg>
<tag>PageContent</tag>
<tag>Setter</tag>
<doc>Clears and fills the given ``txt`` into the text field found by ``selector``.</doc>
<status status="PASS" start="2024-10-04T11:45:03.617012" elapsed="0.017489"/>
</kw>
<kw name="Fill Text" owner="Browser">
<msg time="2024-10-04T11:45:03.635669" level="INFO">Fills the text '2030' in the given field.</msg>
<arg>css=input[name=card_year]</arg>
<arg>${year}</arg>
<tag>PageContent</tag>
<tag>Setter</tag>
<doc>Clears and fills the given ``txt`` into the text field found by ``selector``.</doc>
<status status="PASS" start="2024-10-04T11:45:03.634892" elapsed="0.017311"/>
</kw>
<kw name="Fill Text" owner="Browser">
<msg time="2024-10-04T11:45:03.653187" level="INFO">Fills the text '123' in the given field.</msg>
<arg>css=input[name=card_cvv]</arg>
<arg>${cvv}</arg>
<tag>PageContent</tag>
<tag>Setter</tag>
<doc>Clears and fills the given ``txt`` into the text field found by ``selector``.</doc>
<status status="PASS" start="2024-10-04T11:45:03.652643" elapsed="0.015399"/>
</kw>
<arg>4242424242424242</arg>
<arg>Pauo Cintura</arg>
<arg>11</arg>
<arg>2030</arg>
<arg>123</arg>
<status status="PASS" start="2024-10-04T11:45:03.578337" elapsed="0.089882"/>
</kw>
<kw name="Click" owner="Browser">
<msg time="2024-10-04T11:45:03.668982" level="INFO">Clicks the element 'css=button[type=submit] &gt;&gt; text=Cadastrar'.</msg>
<arg>css=button[type=submit] &gt;&gt; text=Cadastrar</arg>
<tag>PageContent</tag>
<tag>Setter</tag>
<doc>Simulates mouse click on the element found by ``selector``.</doc>
<status status="PASS" start="2024-10-04T11:45:03.668521" elapsed="0.050021"/>
</kw>
<kw name="Toast should be" owner="Toast">
<kw name="Set Variable" owner="BuiltIn">
<msg time="2024-10-04T11:45:03.719602" level="INFO">${selector} = .Toastify__toast-body</msg>
<var>${selector}</var>
<arg>.Toastify__toast-body</arg>
<doc>Returns the given values which can then be assigned to a variables.</doc>
<status status="PASS" start="2024-10-04T11:45:03.719421" elapsed="0.000211"/>
</kw>
<kw name="Wait For Elements State" owner="Browser">
<msg time="2024-10-04T11:45:03.773418" level="INFO">Waited for Element with selector css=.Toastify__toast-body at state visible</msg>
<arg>css=${selector}</arg>
<arg>visible</arg>
<arg>5</arg>
<tag>PageContent</tag>
<tag>Wait</tag>
<doc>Waits for the element found by ``selector`` to satisfy state option.</doc>
<status status="PASS" start="2024-10-04T11:45:03.719775" elapsed="0.053826"/>
</kw>
<kw name="Get Text" owner="Browser">
<msg time="2024-10-04T11:45:03.794439" level="INFO">Text: 'Matrícula cadastrada com sucesso.'</msg>
<arg>css=${selector}</arg>
<arg>equal</arg>
<arg>${expected_text}</arg>
<tag>Assertion</tag>
<tag>Getter</tag>
<tag>PageContent</tag>
<doc>Returns text attribute of the element found by ``selector``.</doc>
<status status="PASS" start="2024-10-04T11:45:03.773899" elapsed="0.020664"/>
</kw>
<kw name="Take Screenshot" owner="Browser">
<msg time="2024-10-04T11:45:04.691822" level="INFO" html="true">&lt;/td&gt;&lt;/tr&gt;&lt;tr&gt;&lt;td colspan="3"&gt;&lt;a href="browser/screenshot/robotframework-browser-screenshot-1.png" target="_blank"&gt;&lt;img src="browser/screenshot/robotframework-browser-screenshot-1.png" width="800px"/&gt;&lt;/a&gt;</msg>
<arg>selector=${selector}</arg>
<tag>PageContent</tag>
<doc>Takes a screenshot of the current window or element and saves it to disk.</doc>
<status status="PASS" start="2024-10-04T11:45:03.794807" elapsed="0.897182"/>
</kw>
<arg>Matrícula cadastrada com sucesso.</arg>
<status status="PASS" start="2024-10-04T11:45:03.718995" elapsed="0.973152"/>
</kw>
<kw name="Take Screenshot" owner="Browser" type="TEARDOWN">
<msg time="2024-10-04T11:45:04.733221" level="INFO" html="true">&lt;/td&gt;&lt;/tr&gt;&lt;tr&gt;&lt;td colspan="3"&gt;&lt;a href="browser/screenshot/robotframework-browser-screenshot-2.png" target="_blank"&gt;&lt;img src="browser/screenshot/robotframework-browser-screenshot-2.png" width="800px"/&gt;&lt;/a&gt;</msg>
<tag>PageContent</tag>
<doc>Takes a screenshot of the current window or element and saves it to disk.</doc>
<status status="PASS" start="2024-10-04T11:45:04.692563" elapsed="0.040800"/>
</kw>
<status status="PASS" start="2024-10-04T11:44:58.732207" elapsed="6.001297"/>
</test>
<doc>Tests suites of plans enrolls</doc>
<status status="PASS" start="2024-10-04T11:44:58.204108" elapsed="6.577579"/>
</suite>
<suite id="s1-s2" name="Login" source="/home/edson/workpace/course/robot-framework/qaX/smartbit/smartbit-apps/web/tests/login.robot">
<test id="s1-s2-t1" name="Should be log in as a Gym Manager" line="11">
<kw name="Start session" owner="Base" type="SETUP">
<kw name="New Browser" owner="Browser">
<msg time="2024-10-04T11:45:04.818774" level="INFO">Switching browser to browser=e3777a53-c7d1-429e-9720-036a094630ac</msg>
<msg time="2024-10-04T11:45:04.821908" level="INFO">Successfully changed active browser: browser=e3777a53-c7d1-429e-9720-036a094630ac</msg>
<msg time="2024-10-04T11:45:04.822081" level="INFO">Reusing existing browser with id: browser=e3777a53-c7d1-429e-9720-036a094630ac</msg>
<arg>browser=firefox</arg>
<arg>headless=False</arg>
<tag>BrowserControl</tag>
<tag>Setter</tag>
<doc>Create a new playwright Browser with specified options.</doc>
<status status="PASS" start="2024-10-04T11:45:04.817679" elapsed="0.004504"/>
</kw>
<kw name="New Page" owner="Browser">
<msg time="2024-10-04T11:45:05.735789" level="INFO">Successfully initialized new page object and opened url: http://localhost:3000/</msg>
<msg time="2024-10-04T11:45:05.736007" level="INFO">No context was open. New context was automatically opened when this page is created.</msg>
<arg>http://localhost:3000/</arg>
<tag>BrowserControl</tag>
<tag>Setter</tag>
<doc>Open a new Page.</doc>
<status status="PASS" start="2024-10-04T11:45:04.822899" elapsed="0.913376"/>
</kw>
<status status="PASS" start="2024-10-04T11:45:04.816735" elapsed="0.919759"/>
</kw>
<kw name="Go to Login pages" owner="Login">
<kw name="Go To" owner="Browser">
<msg time="2024-10-04T11:45:05.905698" level="INFO">Successfully opened URL http://localhost:3000/login</msg>
<arg>http://localhost:3000/login</arg>
<tag>BrowserControl</tag>
<tag>Setter</tag>
<doc>Navigates to the given ``url``.</doc>
<status status="PASS" start="2024-10-04T11:45:05.737353" elapsed="0.168856"/>
</kw>
<status status="PASS" start="2024-10-04T11:45:05.736903" elapsed="0.169583"/>
</kw>
<kw name="Submit login form" owner="Login">
<kw name="Fill Text" owner="Browser">
<msg time="2024-10-04T11:45:05.908507" level="INFO">Fills the text 'sac@smartbit.com' in the given field.</msg>
<arg>css=input[name=email]</arg>
<arg>${email}</arg>
<tag>PageContent</tag>
<tag>Setter</tag>
<doc>Clears and fills the given ``txt`` into the text field found by ``selector``.</doc>
<status status="PASS" start="2024-10-04T11:45:05.907706" elapsed="0.056173"/>
</kw>
<kw name="Fill Text" owner="Browser">
<msg time="2024-10-04T11:45:05.965181" level="INFO">Fills the text 'pwd123' in the given field.</msg>
<arg>css=input[placeholder='Sua Senha']</arg>
<arg>${password}</arg>
<tag>PageContent</tag>
<tag>Setter</tag>
<doc>Clears and fills the given ``txt`` into the text field found by ``selector``.</doc>
<status status="PASS" start="2024-10-04T11:45:05.964307" elapsed="0.017568"/>
</kw>
<kw name="Click" owner="Browser">
<msg time="2024-10-04T11:45:05.984283" level="INFO">Clicks the element 'css=button &gt;&gt; text=Entrar'.</msg>
<arg>css=button &gt;&gt; text=Entrar</arg>
<tag>PageContent</tag>
<tag>Setter</tag>
<doc>Simulates mouse click on the element found by ``selector``.</doc>
<status status="PASS" start="2024-10-04T11:45:05.982663" elapsed="0.044933"/>
</kw>
<arg>sac@smartbit.com</arg>
<arg>pwd123</arg>
<status status="PASS" start="2024-10-04T11:45:05.907086" elapsed="0.120719"/>
</kw>
<kw name="User is logged in" owner="Navbar">
<kw name="Set Variable" owner="BuiltIn">
<msg time="2024-10-04T11:45:06.028962" level="INFO">${element} = css=.logged-user</msg>
<var>${element}</var>
<arg>css=.logged-user</arg>
<doc>Returns the given values which can then be assigned to a variables.</doc>
<status status="PASS" start="2024-10-04T11:45:06.028737" elapsed="0.000254"/>
</kw>
<kw name="Wait For Elements State" owner="Browser">
<msg time="2024-10-04T11:45:07.362899" level="INFO">Waited for Element with selector css=.logged-user at state visible</msg>
<arg>${element}</arg>
<arg>visible</arg>
<arg>5</arg>
<tag>PageContent</tag>
<tag>Wait</tag>
<doc>Waits for the element found by ``selector`` to satisfy state option.</doc>
<status status="PASS" start="2024-10-04T11:45:06.029147" elapsed="1.333966"/>
</kw>
<kw name="Get Text" owner="Browser">
<msg time="2024-10-04T11:45:07.414647" level="INFO">Text: 'sac@smartbit.com'</msg>
<arg>${element}</arg>
<arg>equal</arg>
<arg>${email}</arg>
<tag>Assertion</tag>
<tag>Getter</tag>
<tag>PageContent</tag>
<doc>Returns text attribute of the element found by ``selector``.</doc>
<status status="PASS" start="2024-10-04T11:45:07.363454" elapsed="0.051372"/>
</kw>
<arg>sac@smartbit.com</arg>
<status status="PASS" start="2024-10-04T11:45:06.028268" elapsed="1.386865"/>
</kw>
<kw name="Take Screenshot" owner="Browser" type="TEARDOWN">
<msg time="2024-10-04T11:45:07.460676" level="INFO" html="true">&lt;/td&gt;&lt;/tr&gt;&lt;tr&gt;&lt;td colspan="3"&gt;&lt;a href="browser/screenshot/robotframework-browser-screenshot-3.png" target="_blank"&gt;&lt;img src="browser/screenshot/robotframework-browser-screenshot-3.png" width="800px"/&gt;&lt;/a&gt;</msg>
<tag>PageContent</tag>
<doc>Takes a screenshot of the current window or element and saves it to disk.</doc>
<status status="PASS" start="2024-10-04T11:45:07.415739" elapsed="0.045098"/>
</kw>
<status status="PASS" start="2024-10-04T11:45:04.811252" elapsed="2.649758"/>
</test>
<test id="s1-s2-t2" name="Should not login as invalid password" line="16">
<kw name="Start session" owner="Base" type="SETUP">
<kw name="New Browser" owner="Browser">
<msg time="2024-10-04T11:45:07.510993" level="INFO">Switching browser to browser=e3777a53-c7d1-429e-9720-036a094630ac</msg>
<msg time="2024-10-04T11:45:07.515151" level="INFO">Successfully changed active browser: browser=e3777a53-c7d1-429e-9720-036a094630ac</msg>
<msg time="2024-10-04T11:45:07.515514" level="INFO">Reusing existing browser with id: browser=e3777a53-c7d1-429e-9720-036a094630ac</msg>
<arg>browser=firefox</arg>
<arg>headless=False</arg>
<tag>BrowserControl</tag>
<tag>Setter</tag>
<doc>Create a new playwright Browser with specified options.</doc>
<status status="PASS" start="2024-10-04T11:45:07.510367" elapsed="0.005428"/>
</kw>
<kw name="New Page" owner="Browser">
<msg time="2024-10-04T11:45:08.234793" level="INFO">Successfully initialized new page object and opened url: http://localhost:3000/</msg>
<msg time="2024-10-04T11:45:08.234907" level="INFO">No context was open. New context was automatically opened when this page is created.</msg>
<arg>http://localhost:3000/</arg>
<tag>BrowserControl</tag>
<tag>Setter</tag>
<doc>Open a new Page.</doc>
<status status="PASS" start="2024-10-04T11:45:07.516621" elapsed="0.718465"/>
</kw>
<status status="PASS" start="2024-10-04T11:45:07.509957" elapsed="0.725310"/>
</kw>
<kw name="Go to Login pages" owner="Login">
<kw name="Go To" owner="Browser">
<msg time="2024-10-04T11:45:08.411932" level="INFO">Successfully opened URL http://localhost:3000/login</msg>
<arg>http://localhost:3000/login</arg>
<tag>BrowserControl</tag>
<tag>Setter</tag>
<doc>Navigates to the given ``url``.</doc>
<status status="PASS" start="2024-10-04T11:45:08.236390" elapsed="0.175748"/>
</kw>
<status status="PASS" start="2024-10-04T11:45:08.235723" elapsed="0.176572"/>
</kw>
<kw name="Submit login form" owner="Login">
<kw name="Fill Text" owner="Browser">
<msg time="2024-10-04T11:45:08.414184" level="INFO">Fills the text 'sac@smartbit.com' in the given field.</msg>
<arg>css=input[name=email]</arg>
<arg>${email}</arg>
<tag>PageContent</tag>
<tag>Setter</tag>
<doc>Clears and fills the given ``txt`` into the text field found by ``selector``.</doc>
<status status="PASS" start="2024-10-04T11:45:08.413223" elapsed="0.060468"/>
</kw>
<kw name="Fill Text" owner="Browser">
<msg time="2024-10-04T11:45:08.474722" level="INFO">Fills the text 'abc123' in the given field.</msg>
<arg>css=input[placeholder='Sua Senha']</arg>
<arg>${password}</arg>
<tag>PageContent</tag>
<tag>Setter</tag>
<doc>Clears and fills the given ``txt`` into the text field found by ``selector``.</doc>
<status status="PASS" start="2024-10-04T11:45:08.474064" elapsed="0.017801"/>
</kw>
<kw name="Click" owner="Browser">
<msg time="2024-10-04T11:45:08.493078" level="INFO">Clicks the element 'css=button &gt;&gt; text=Entrar'.</msg>
<arg>css=button &gt;&gt; text=Entrar</arg>
<tag>PageContent</tag>
<tag>Setter</tag>
<doc>Simulates mouse click on the element found by ``selector``.</doc>
<status status="PASS" start="2024-10-04T11:45:08.492340" elapsed="0.045687"/>
</kw>
<arg>sac@smartbit.com</arg>
<arg>abc123</arg>
<status status="PASS" start="2024-10-04T11:45:08.412742" elapsed="0.125471"/>
</kw>
<kw name="Toast should be" owner="Toast">
<kw name="Set Variable" owner="BuiltIn">
<msg time="2024-10-04T11:45:08.539362" level="INFO">${selector} = .Toastify__toast-body</msg>
<var>${selector}</var>
<arg>.Toastify__toast-body</arg>
<doc>Returns the given values which can then be assigned to a variables.</doc>
<status status="PASS" start="2024-10-04T11:45:08.539026" elapsed="0.000369"/>
</kw>
<kw name="Wait For Elements State" owner="Browser">
<msg time="2024-10-04T11:45:09.889666" level="INFO">Waited for Element with selector css=.Toastify__toast-body at state visible</msg>
<arg>css=${selector}</arg>
<arg>visible</arg>
<arg>5</arg>
<tag>PageContent</tag>
<tag>Wait</tag>
<doc>Waits for the element found by ``selector`` to satisfy state option.</doc>
<status status="PASS" start="2024-10-04T11:45:08.539688" elapsed="1.350435"/>
</kw>
<kw name="Get Text" owner="Browser">
<msg time="2024-10-04T11:45:09.954981" level="INFO">Text: 'As credenciais de acesso fornecidas são inválidas. Tente novamente!'</msg>
<arg>css=${selector}</arg>
<arg>equal</arg>
<arg>${expected_text}</arg>
<tag>Assertion</tag>
<tag>Getter</tag>
<tag>PageContent</tag>
<doc>Returns text attribute of the element found by ``selector``.</doc>
<status status="PASS" start="2024-10-04T11:45:09.890493" elapsed="0.064671"/>
</kw>
<kw name="Take Screenshot" owner="Browser">
<msg time="2024-10-04T11:45:10.324676" level="INFO" html="true">&lt;/td&gt;&lt;/tr&gt;&lt;tr&gt;&lt;td colspan="3"&gt;&lt;a href="browser/screenshot/robotframework-browser-screenshot-4.png" target="_blank"&gt;&lt;img src="browser/screenshot/robotframework-browser-screenshot-4.png" width="800px"/&gt;&lt;/a&gt;</msg>
<arg>selector=${selector}</arg>
<tag>PageContent</tag>
<doc>Takes a screenshot of the current window or element and saves it to disk.</doc>
<status status="PASS" start="2024-10-04T11:45:09.955529" elapsed="0.369365"/>
</kw>
<arg>As credenciais de acesso fornecidas são inválidas. Tente novamente!</arg>
<status status="PASS" start="2024-10-04T11:45:08.538588" elapsed="1.786451"/>
</kw>
<kw name="Take Screenshot" owner="Browser" type="TEARDOWN">
<msg time="2024-10-04T11:45:10.359929" level="INFO" html="true">&lt;/td&gt;&lt;/tr&gt;&lt;tr&gt;&lt;td colspan="3"&gt;&lt;a href="browser/screenshot/robotframework-browser-screenshot-5.png" target="_blank"&gt;&lt;img src="browser/screenshot/robotframework-browser-screenshot-5.png" width="800px"/&gt;&lt;/a&gt;</msg>
<tag>PageContent</tag>
<doc>Takes a screenshot of the current window or element and saves it to disk.</doc>
<status status="PASS" start="2024-10-04T11:45:10.325633" elapsed="0.034428"/>
</kw>
<status status="PASS" start="2024-10-04T11:45:07.506421" elapsed="2.853784"/>
</test>
<test id="s1-s2-t3" name="Should not login as invalid email" line="27">
<kw name="Start session" owner="Base" type="SETUP">
<kw name="New Browser" owner="Browser">
<msg time="2024-10-04T11:45:10.409051" level="INFO">Switching browser to browser=e3777a53-c7d1-429e-9720-036a094630ac</msg>
<msg time="2024-10-04T11:45:10.411784" level="INFO">Successfully changed active browser: browser=e3777a53-c7d1-429e-9720-036a094630ac</msg>
<msg time="2024-10-04T11:45:10.412191" level="INFO">Reusing existing browser with id: browser=e3777a53-c7d1-429e-9720-036a094630ac</msg>
<arg>browser=firefox</arg>
<arg>headless=False</arg>
<tag>BrowserControl</tag>
<tag>Setter</tag>
<doc>Create a new playwright Browser with specified options.</doc>
<status status="PASS" start="2024-10-04T11:45:10.408398" elapsed="0.004098"/>
</kw>
<kw name="New Page" owner="Browser">
<msg time="2024-10-04T11:45:11.280072" level="INFO">Successfully initialized new page object and opened url: http://localhost:3000/</msg>
<msg time="2024-10-04T11:45:11.280330" level="INFO">No context was open. New context was automatically opened when this page is created.</msg>
<arg>http://localhost:3000/</arg>
<tag>BrowserControl</tag>
<tag>Setter</tag>
<doc>Open a new Page.</doc>
<status status="PASS" start="2024-10-04T11:45:10.413121" elapsed="0.867642"/>
</kw>
<status status="PASS" start="2024-10-04T11:45:10.407957" elapsed="0.873050"/>
</kw>
<kw name="Go to Login pages" owner="Login">
<kw name="Go To" owner="Browser">
<msg time="2024-10-04T11:45:11.485211" level="INFO">Successfully opened URL http://localhost:3000/login</msg>
<arg>http://localhost:3000/login</arg>
<tag>BrowserControl</tag>
<tag>Setter</tag>
<doc>Navigates to the given ``url``.</doc>
<status status="PASS" start="2024-10-04T11:45:11.282178" elapsed="0.203260"/>
</kw>
<status status="PASS" start="2024-10-04T11:45:11.281589" elapsed="0.204002"/>
</kw>
<kw name="Submit login form" owner="Login">
<kw name="Fill Text" owner="Browser">
<msg time="2024-10-04T11:45:11.486782" level="INFO">Fills the text '404@smartbit.com' in the given field.</msg>
<arg>css=input[name=email]</arg>
<arg>${email}</arg>
<tag>PageContent</tag>
<tag>Setter</tag>
<doc>Clears and fills the given ``txt`` into the text field found by ``selector``.</doc>
<status status="PASS" start="2024-10-04T11:45:11.486286" elapsed="0.063271"/>
</kw>
<kw name="Fill Text" owner="Browser">
<msg time="2024-10-04T11:45:11.550644" level="INFO">Fills the text 'abc123' in the given field.</msg>
<arg>css=input[placeholder='Sua Senha']</arg>
<arg>${password}</arg>
<tag>PageContent</tag>
<tag>Setter</tag>
<doc>Clears and fills the given ``txt`` into the text field found by ``selector``.</doc>
<status status="PASS" start="2024-10-04T11:45:11.549988" elapsed="0.018419"/>
</kw>
<kw name="Click" owner="Browser">
<msg time="2024-10-04T11:45:11.569124" level="INFO">Clicks the element 'css=button &gt;&gt; text=Entrar'.</msg>
<arg>css=button &gt;&gt; text=Entrar</arg>
<tag>PageContent</tag>
<tag>Setter</tag>
<doc>Simulates mouse click on the element found by ``selector``.</doc>
<status status="PASS" start="2024-10-04T11:45:11.568696" elapsed="0.054598"/>
</kw>
<arg>404@smartbit.com</arg>
<arg>abc123</arg>
<status status="PASS" start="2024-10-04T11:45:11.485920" elapsed="0.137636"/>
</kw>
<kw name="Toast should be" owner="Toast">
<kw name="Set Variable" owner="BuiltIn">
<msg time="2024-10-04T11:45:11.624933" level="INFO">${selector} = .Toastify__toast-body</msg>
<var>${selector}</var>
<arg>.Toastify__toast-body</arg>
<doc>Returns the given values which can then be assigned to a variables.</doc>
<status status="PASS" start="2024-10-04T11:45:11.624711" elapsed="0.000253"/>
</kw>
<kw name="Wait For Elements State" owner="Browser">
<msg time="2024-10-04T11:45:12.972354" level="INFO">Waited for Element with selector css=.Toastify__toast-body at state visible</msg>
<arg>css=${selector}</arg>
<arg>visible</arg>
<arg>5</arg>
<tag>PageContent</tag>
<tag>Wait</tag>
<doc>Waits for the element found by ``selector`` to satisfy state option.</doc>
<status status="PASS" start="2024-10-04T11:45:11.625179" elapsed="1.347985"/>
</kw>
<kw name="Get Text" owner="Browser">
<msg time="2024-10-04T11:45:13.019892" level="INFO">Text: 'As credenciais de acesso fornecidas são inválidas. Tente novamente!'</msg>
<arg>css=${selector}</arg>
<arg>equal</arg>
<arg>${expected_text}</arg>
<tag>Assertion</tag>
<tag>Getter</tag>
<tag>PageContent</tag>
<doc>Returns text attribute of the element found by ``selector``.</doc>
<status status="PASS" start="2024-10-04T11:45:12.974146" elapsed="0.045929"/>
</kw>
<kw name="Take Screenshot" owner="Browser">
<msg time="2024-10-04T11:45:13.380122" level="INFO" html="true">&lt;/td&gt;&lt;/tr&gt;&lt;tr&gt;&lt;td colspan="3"&gt;&lt;a href="browser/screenshot/robotframework-browser-screenshot-6.png" target="_blank"&gt;&lt;img src="browser/screenshot/robotframework-browser-screenshot-6.png" width="800px"/&gt;&lt;/a&gt;</msg>
<arg>selector=${selector}</arg>
<tag>PageContent</tag>
<doc>Takes a screenshot of the current window or element and saves it to disk.</doc>
<status status="PASS" start="2024-10-04T11:45:13.020439" elapsed="0.359884"/>
</kw>
<arg>As credenciais de acesso fornecidas são inválidas. Tente novamente!</arg>
<status status="PASS" start="2024-10-04T11:45:11.624129" elapsed="1.756355"/>
</kw>
<kw name="Take Screenshot" owner="Browser" type="TEARDOWN">
<msg time="2024-10-04T11:45:13.419271" level="INFO" html="true">&lt;/td&gt;&lt;/tr&gt;&lt;tr&gt;&lt;td colspan="3"&gt;&lt;a href="browser/screenshot/robotframework-browser-screenshot-7.png" target="_blank"&gt;&lt;img src="browser/screenshot/robotframework-browser-screenshot-7.png" width="800px"/&gt;&lt;/a&gt;</msg>
<tag>PageContent</tag>
<doc>Takes a screenshot of the current window or element and saves it to disk.</doc>
<status status="PASS" start="2024-10-04T11:45:13.380893" elapsed="0.038638"/>
</kw>
<status status="PASS" start="2024-10-04T11:45:10.404960" elapsed="3.014757"/>
</test>
<test id="s1-s2-t4" name="Try invalid login" line="38">
<kw name="Start session" owner="Base" type="SETUP">
<kw name="New Browser" owner="Browser">
<msg time="2024-10-04T11:45:13.471294" level="INFO">Switching browser to browser=e3777a53-c7d1-429e-9720-036a094630ac</msg>
<msg time="2024-10-04T11:45:13.474447" level="INFO">Successfully changed active browser: browser=e3777a53-c7d1-429e-9720-036a094630ac</msg>
<msg time="2024-10-04T11:45:13.474680" level="INFO">Reusing existing browser with id: browser=e3777a53-c7d1-429e-9720-036a094630ac</msg>
<arg>browser=firefox</arg>
<arg>headless=False</arg>
<tag>BrowserControl</tag>
<tag>Setter</tag>
<doc>Create a new playwright Browser with specified options.</doc>
<status status="PASS" start="2024-10-04T11:45:13.470848" elapsed="0.004003"/>
</kw>
<kw name="New Page" owner="Browser">
<msg time="2024-10-04T11:45:14.216901" level="INFO">Successfully initialized new page object and opened url: http://localhost:3000/</msg>
<msg time="2024-10-04T11:45:14.217055" level="INFO">No context was open. New context was automatically opened when this page is created.</msg>
<arg>http://localhost:3000/</arg>
<tag>BrowserControl</tag>
<tag>Setter</tag>
<doc>Open a new Page.</doc>
<status status="PASS" start="2024-10-04T11:45:13.475627" elapsed="0.741734"/>
</kw>
<status status="PASS" start="2024-10-04T11:45:13.470467" elapsed="0.747180"/>
</kw>
<kw name="Login verify notice">
<kw name="Go to Login pages" owner="Login">
<kw name="Go To" owner="Browser">
<msg time="2024-10-04T11:45:14.400456" level="INFO">Successfully opened URL http://localhost:3000/login</msg>
<arg>http://localhost:3000/login</arg>
<tag>BrowserControl</tag>
<tag>Setter</tag>
<doc>Navigates to the given ``url``.</doc>
<status status="PASS" start="2024-10-04T11:45:14.220405" elapsed="0.180263"/>
</kw>
<status status="PASS" start="2024-10-04T11:45:14.220015" elapsed="0.180826"/>
</kw>
<kw name="Submit login form" owner="Login">
<kw name="Fill Text" owner="Browser">
<msg time="2024-10-04T11:45:14.402521" level="INFO">Fills the text '' in the given field.</msg>
<arg>css=input[name=email]</arg>
<arg>${email}</arg>
<tag>PageContent</tag>
<tag>Setter</tag>
<doc>Clears and fills the given ``txt`` into the text field found by ``selector``.</doc>
<status status="PASS" start="2024-10-04T11:45:14.401747" elapsed="0.062400"/>
</kw>
<kw name="Fill Text" owner="Browser">
<msg time="2024-10-04T11:45:14.465084" level="INFO">Fills the text '' in the given field.</msg>
<arg>css=input[placeholder='Sua Senha']</arg>
<arg>${password}</arg>
<tag>PageContent</tag>
<tag>Setter</tag>
<doc>Clears and fills the given ``txt`` into the text field found by ``selector``.</doc>
<status status="PASS" start="2024-10-04T11:45:14.464495" elapsed="0.012921"/>
</kw>
<kw name="Click" owner="Browser">
<msg time="2024-10-04T11:45:14.478422" level="INFO">Clicks the element 'css=button &gt;&gt; text=Entrar'.</msg>
<arg>css=button &gt;&gt; text=Entrar</arg>
<tag>PageContent</tag>
<tag>Setter</tag>
<doc>Simulates mouse click on the element found by ``selector``.</doc>
<status status="PASS" start="2024-10-04T11:45:14.477772" elapsed="0.044412"/>
</kw>
<arg>${email}</arg>
<arg>${password}</arg>
<status status="PASS" start="2024-10-04T11:45:14.401136" elapsed="0.121377"/>
</kw>
<kw name="Notice should be" owner="BoxNotice">
<kw name="Set Variable" owner="BuiltIn">
<msg time="2024-10-04T11:45:14.524190" level="INFO">${element} = css=form .notice</msg>
<var>${element}</var>
<arg>css=form .notice</arg>
<doc>Returns the given values which can then be assigned to a variables.</doc>
<status status="PASS" start="2024-10-04T11:45:14.523969" elapsed="0.000256"/>
</kw>
<kw name="Wait For Elements State" owner="Browser">
<msg time="2024-10-04T11:45:14.839039" level="INFO">Waited for Element with selector css=form .notice at state visible</msg>
<arg>${element}</arg>
<arg>visible</arg>
<arg>5</arg>
<tag>PageContent</tag>
<tag>Wait</tag>
<doc>Waits for the element found by ``selector`` to satisfy state option.</doc>
<status status="PASS" start="2024-10-04T11:45:14.524403" elapsed="0.314832"/>
</kw>
<kw name="Get Text" owner="Browser">
<msg time="2024-10-04T11:45:14.879878" level="INFO">Text: 'Os campos email e senha são obrigatórios.'</msg>
<arg>css=form .notice</arg>
<arg>equal</arg>
<arg>${target}</arg>
<tag>Assertion</tag>
<tag>Getter</tag>
<tag>PageContent</tag>
<doc>Returns text attribute of the element found by ``selector``.</doc>
<status status="PASS" start="2024-10-04T11:45:14.839549" elapsed="0.040446"/>
</kw>
<arg>${output_message}</arg>
<status status="PASS" start="2024-10-04T11:45:14.523060" elapsed="0.357052"/>
</kw>
<arg>${EMPTY}</arg>
<arg>${EMPTY}</arg>
<arg>Os campos email e senha são obrigatórios.</arg>
<status status="PASS" start="2024-10-04T11:45:14.218467" elapsed="0.661696"/>
</kw>
<kw name="Login verify notice">
<kw name="Go to Login pages" owner="Login">
<kw name="Go To" owner="Browser">
<msg time="2024-10-04T11:45:15.019972" level="INFO">Successfully opened URL http://localhost:3000/login</msg>
<arg>http://localhost:3000/login</arg>
<tag>BrowserControl</tag>
<tag>Setter</tag>
<doc>Navigates to the given ``url``.</doc>
<status status="PASS" start="2024-10-04T11:45:14.881176" elapsed="0.139079"/>
</kw>
<status status="PASS" start="2024-10-04T11:45:14.880987" elapsed="0.139525"/>
</kw>
<kw name="Submit login form" owner="Login">
<kw name="Fill Text" owner="Browser">
<msg time="2024-10-04T11:45:15.022487" level="INFO">Fills the text '' in the given field.</msg>
<arg>css=input[name=email]</arg>
<arg>${email}</arg>
<tag>PageContent</tag>
<tag>Setter</tag>
<doc>Clears and fills the given ``txt`` into the text field found by ``selector``.</doc>
<status status="PASS" start="2024-10-04T11:45:15.021447" elapsed="0.054217"/>
</kw>
<kw name="Fill Text" owner="Browser">
<msg time="2024-10-04T11:45:15.076566" level="INFO">Fills the text 'pwd123' in the given field.</msg>
<arg>css=input[placeholder='Sua Senha']</arg>
<arg>${password}</arg>
<tag>PageContent</tag>
<tag>Setter</tag>
<doc>Clears and fills the given ``txt`` into the text field found by ``selector``.</doc>
<status status="PASS" start="2024-10-04T11:45:15.075971" elapsed="0.015910"/>
</kw>
<kw name="Click" owner="Browser">
<msg time="2024-10-04T11:45:15.092813" level="INFO">Clicks the element 'css=button &gt;&gt; text=Entrar'.</msg>
<arg>css=button &gt;&gt; text=Entrar</arg>
<tag>PageContent</tag>
<tag>Setter</tag>
<doc>Simulates mouse click on the element found by ``selector``.</doc>
<status status="PASS" start="2024-10-04T11:45:15.092236" elapsed="0.041650"/>
</kw>
<arg>${email}</arg>
<arg>${password}</arg>
<status status="PASS" start="2024-10-04T11:45:15.020870" elapsed="0.113196"/>
</kw>
<kw name="Notice should be" owner="BoxNotice">
<kw name="Set Variable" owner="BuiltIn">
<msg time="2024-10-04T11:45:15.135112" level="INFO">${element} = css=form .notice</msg>
<var>${element}</var>
<arg>css=form .notice</arg>
<doc>Returns the given values which can then be assigned to a variables.</doc>
<status status="PASS" start="2024-10-04T11:45:15.134849" elapsed="0.000314"/>
</kw>
<kw name="Wait For Elements State" owner="Browser">
<msg time="2024-10-04T11:45:15.446505" level="INFO">Waited for Element with selector css=form .notice at state visible</msg>
<arg>${element}</arg>
<arg>visible</arg>
<arg>5</arg>
<tag>PageContent</tag>
<tag>Wait</tag>
<doc>Waits for the element found by ``selector`` to satisfy state option.</doc>
<status status="PASS" start="2024-10-04T11:45:15.135383" elapsed="0.311377"/>
</kw>
<kw name="Get Text" owner="Browser">
<msg time="2024-10-04T11:45:15.502859" level="INFO">Text: 'Os campos email e senha são obrigatórios.'</msg>
<arg>css=form .notice</arg>
<arg>equal</arg>
<arg>${target}</arg>
<tag>Assertion</tag>
<tag>Getter</tag>
<tag>PageContent</tag>
<doc>Returns text attribute of the element found by ``selector``.</doc>
<status status="PASS" start="2024-10-04T11:45:15.447151" elapsed="0.055951"/>
</kw>
<arg>${output_message}</arg>
<status status="PASS" start="2024-10-04T11:45:15.134343" elapsed="0.369185"/>
</kw>
<arg>${EMPTY}</arg>
<arg>pwd123</arg>
<arg>Os campos email e senha são obrigatórios.</arg>
<status status="PASS" start="2024-10-04T11:45:14.880427" elapsed="0.623247"/>
</kw>
<kw name="Login verify notice">
<kw name="Go to Login pages" owner="Login">
<kw name="Go To" owner="Browser">
<msg time="2024-10-04T11:45:15.660206" level="INFO">Successfully opened URL http://localhost:3000/login</msg>
<arg>http://localhost:3000/login</arg>
<tag>BrowserControl</tag>
<tag>Setter</tag>
<doc>Navigates to the given ``url``.</doc>
<status status="PASS" start="2024-10-04T11:45:15.505765" elapsed="0.154852"/>
</kw>
<status status="PASS" start="2024-10-04T11:45:15.505282" elapsed="0.155589"/>
</kw>
<kw name="Submit login form" owner="Login">
<kw name="Fill Text" owner="Browser">
<msg time="2024-10-04T11:45:15.662889" level="INFO">Fills the text 'sac@smartbit.com' in the given field.</msg>
<arg>css=input[name=email]</arg>
<arg>${email}</arg>
<tag>PageContent</tag>
<tag>Setter</tag>
<doc>Clears and fills the given ``txt`` into the text field found by ``selector``.</doc>
<status status="PASS" start="2024-10-04T11:45:15.662047" elapsed="0.065971"/>
</kw>
<kw name="Fill Text" owner="Browser">
<msg time="2024-10-04T11:45:15.729307" level="INFO">Fills the text '' in the given field.</msg>
<arg>css=input[placeholder='Sua Senha']</arg>
<arg>${password}</arg>
<tag>PageContent</tag>
<tag>Setter</tag>
<doc>Clears and fills the given ``txt`` into the text field found by ``selector``.</doc>
<status status="PASS" start="2024-10-04T11:45:15.728479" elapsed="0.016999"/>
</kw>
<kw name="Click" owner="Browser">
<msg time="2024-10-04T11:45:15.746404" level="INFO">Clicks the element 'css=button &gt;&gt; text=Entrar'.</msg>
<arg>css=button &gt;&gt; text=Entrar</arg>
<tag>PageContent</tag>
<tag>Setter</tag>
<doc>Simulates mouse click on the element found by ``selector``.</doc>
<status status="PASS" start="2024-10-04T11:45:15.745854" elapsed="0.053735"/>
</kw>
<arg>${email}</arg>
<arg>${password}</arg>
<status status="PASS" start="2024-10-04T11:45:15.661212" elapsed="0.138548"/>
</kw>
<kw name="Notice should be" owner="BoxNotice">
<kw name="Set Variable" owner="BuiltIn">
<msg time="2024-10-04T11:45:15.800590" level="INFO">${element} = css=form .notice</msg>
<var>${element}</var>
<arg>css=form .notice</arg>
<doc>Returns the given values which can then be assigned to a variables.</doc>
<status status="PASS" start="2024-10-04T11:45:15.800416" elapsed="0.000201"/>
</kw>
<kw name="Wait For Elements State" owner="Browser">
<msg time="2024-10-04T11:45:16.108716" level="INFO">Waited for Element with selector css=form .notice at state visible</msg>
<arg>${element}</arg>
<arg>visible</arg>
<arg>5</arg>
<tag>PageContent</tag>
<tag>Wait</tag>
<doc>Waits for the element found by ``selector`` to satisfy state option.</doc>
<status status="PASS" start="2024-10-04T11:45:15.800734" elapsed="0.308175"/>
</kw>
<kw name="Get Text" owner="Browser">
<msg time="2024-10-04T11:45:16.144830" level="INFO">Text: 'Os campos email e senha são obrigatórios.'</msg>
<arg>css=form .notice</arg>
<arg>equal</arg>
<arg>${target}</arg>
<tag>Assertion</tag>
<tag>Getter</tag>
<tag>PageContent</tag>
<doc>Returns text attribute of the element found by ``selector``.</doc>
<status status="PASS" start="2024-10-04T11:45:16.109139" elapsed="0.035814"/>
</kw>
<arg>${output_message}</arg>
<status status="PASS" start="2024-10-04T11:45:15.800006" elapsed="0.345078"/>
</kw>
<arg>sac@smartbit.com</arg>
<arg>${EMPTY}</arg>
<arg>Os campos email e senha são obrigatórios.</arg>
<status status="PASS" start="2024-10-04T11:45:15.504119" elapsed="0.641027"/>
</kw>
<kw name="Login verify notice">
<kw name="Go to Login pages" owner="Login">
<kw name="Go To" owner="Browser">
<msg time="2024-10-04T11:45:16.252006" level="INFO">Successfully opened URL http://localhost:3000/login</msg>
<arg>http://localhost:3000/login</arg>
<tag>BrowserControl</tag>
<tag>Setter</tag>
<doc>Navigates to the given ``url``.</doc>
<status status="PASS" start="2024-10-04T11:45:16.146003" elapsed="0.106350"/>
</kw>
<status status="PASS" start="2024-10-04T11:45:16.145816" elapsed="0.106805"/>
</kw>
<kw name="Submit login form" owner="Login">
<kw name="Fill Text" owner="Browser">
<msg time="2024-10-04T11:45:16.254620" level="INFO">Fills the text 'www.smartbit.com' in the given field.</msg>
<arg>css=input[name=email]</arg>
<arg>${email}</arg>
<tag>PageContent</tag>
<tag>Setter</tag>
<doc>Clears and fills the given ``txt`` into the text field found by ``selector``.</doc>
<status status="PASS" start="2024-10-04T11:45:16.253763" elapsed="0.053814"/>
</kw>
<kw name="Fill Text" owner="Browser">
<msg time="2024-10-04T11:45:16.308499" level="INFO">Fills the text 'pwd123' in the given field.</msg>
<arg>css=input[placeholder='Sua Senha']</arg>
<arg>${password}</arg>
<tag>PageContent</tag>
<tag>Setter</tag>
<doc>Clears and fills the given ``txt`` into the text field found by ``selector``.</doc>
<status status="PASS" start="2024-10-04T11:45:16.307913" elapsed="0.016230"/>
</kw>
<kw name="Click" owner="Browser">
<msg time="2024-10-04T11:45:16.325138" level="INFO">Clicks the element 'css=button &gt;&gt; text=Entrar'.</msg>
<arg>css=button &gt;&gt; text=Entrar</arg>
<tag>PageContent</tag>
<tag>Setter</tag>
<doc>Simulates mouse click on the element found by ``selector``.</doc>
<status status="PASS" start="2024-10-04T11:45:16.324504" elapsed="0.069213"/>
</kw>
<arg>${email}</arg>
<arg>${password}</arg>
<status status="PASS" start="2024-10-04T11:45:16.253000" elapsed="0.140933"/>
</kw>
<kw name="Notice should be" owner="BoxNotice">
<kw name="Set Variable" owner="BuiltIn">
<msg time="2024-10-04T11:45:16.395261" level="INFO">${element} = css=form .notice</msg>
<var>${element}</var>
<arg>css=form .notice</arg>
<doc>Returns the given values which can then be assigned to a variables.</doc>
<status status="PASS" start="2024-10-04T11:45:16.395005" elapsed="0.000295"/>
</kw>
<kw name="Wait For Elements State" owner="Browser">
<msg time="2024-10-04T11:45:16.709360" level="INFO">Waited for Element with selector css=form .notice at state visible</msg>
<arg>${element}</arg>
<arg>visible</arg>
<arg>5</arg>
<tag>PageContent</tag>
<tag>Wait</tag>
<doc>Waits for the element found by ``selector`` to satisfy state option.</doc>
<status status="PASS" start="2024-10-04T11:45:16.395504" elapsed="0.314096"/>
</kw>
<kw name="Get Text" owner="Browser">
<msg time="2024-10-04T11:45:16.748824" level="INFO">Text: 'Oops! O email informado é inválido'</msg>
<arg>css=form .notice</arg>
<arg>equal</arg>
<arg>${target}</arg>
<tag>Assertion</tag>
<tag>Getter</tag>
<tag>PageContent</tag>
<doc>Returns text attribute of the element found by ``selector``.</doc>
<status status="PASS" start="2024-10-04T11:45:16.709862" elapsed="0.039145"/>
</kw>
<arg>${output_message}</arg>
<status status="PASS" start="2024-10-04T11:45:16.394362" elapsed="0.354808"/>
</kw>
<arg>www.smartbit.com</arg>
<arg>pwd123</arg>
<arg>Oops! O email informado é inválido</arg>
<status status="PASS" start="2024-10-04T11:45:16.145430" elapsed="0.603824"/>
</kw>
<kw name="Login verify notice">
<kw name="Go to Login pages" owner="Login">
<kw name="Go To" owner="Browser">
<msg time="2024-10-04T11:45:16.852539" level="INFO">Successfully opened URL http://localhost:3000/login</msg>
<arg>http://localhost:3000/login</arg>
<tag>BrowserControl</tag>
<tag>Setter</tag>
<doc>Navigates to the given ``url``.</doc>
<status status="PASS" start="2024-10-04T11:45:16.750468" elapsed="0.102293"/>
</kw>
<status status="PASS" start="2024-10-04T11:45:16.750138" elapsed="0.102836"/>
</kw>
<kw name="Submit login form" owner="Login">
<kw name="Fill Text" owner="Browser">
<msg time="2024-10-04T11:45:16.854835" level="INFO">Fills the text 'sac&amp;smartbit.com' in the given field.</msg>
<arg>css=input[name=email]</arg>
<arg>${email}</arg>
<tag>PageContent</tag>
<tag>Setter</tag>
<doc>Clears and fills the given ``txt`` into the text field found by ``selector``.</doc>
<status status="PASS" start="2024-10-04T11:45:16.853861" elapsed="0.048800"/>
</kw>
<kw name="Fill Text" owner="Browser">
<msg time="2024-10-04T11:45:16.903877" level="INFO">Fills the text 'pwd123' in the given field.</msg>
<arg>css=input[placeholder='Sua Senha']</arg>
<arg>${password}</arg>
<tag>PageContent</tag>
<tag>Setter</tag>
<doc>Clears and fills the given ``txt`` into the text field found by ``selector``.</doc>
<status status="PASS" start="2024-10-04T11:45:16.903099" elapsed="0.015942"/>
</kw>
<kw name="Click" owner="Browser">
<msg time="2024-10-04T11:45:16.919936" level="INFO">Clicks the element 'css=button &gt;&gt; text=Entrar'.</msg>
<arg>css=button &gt;&gt; text=Entrar</arg>
<tag>PageContent</tag>
<tag>Setter</tag>
<doc>Simulates mouse click on the element found by ``selector``.</doc>
<status status="PASS" start="2024-10-04T11:45:16.919357" elapsed="0.051128"/>
</kw>
<arg>${email}</arg>
<arg>${password}</arg>
<status status="PASS" start="2024-10-04T11:45:16.853295" elapsed="0.117414"/>
</kw>
<kw name="Notice should be" owner="BoxNotice">
<kw name="Set Variable" owner="BuiltIn">
<msg time="2024-10-04T11:45:16.971926" level="INFO">${element} = css=form .notice</msg>
<var>${element}</var>
<arg>css=form .notice</arg>
<doc>Returns the given values which can then be assigned to a variables.</doc>
<status status="PASS" start="2024-10-04T11:45:16.971647" elapsed="0.000329"/>
</kw>
<kw name="Wait For Elements State" owner="Browser">
<msg time="2024-10-04T11:45:17.282075" level="INFO">Waited for Element with selector css=form .notice at state visible</msg>
<arg>${element}</arg>
<arg>visible</arg>
<arg>5</arg>
<tag>PageContent</tag>
<tag>Wait</tag>
<doc>Waits for the element found by ``selector`` to satisfy state option.</doc>
<status status="PASS" start="2024-10-04T11:45:16.972187" elapsed="0.310262"/>
</kw>
<kw name="Get Text" owner="Browser">
<msg time="2024-10-04T11:45:17.322399" level="INFO">Text: 'Oops! O email informado é inválido'</msg>
<arg>css=form .notice</arg>
<arg>equal</arg>
<arg>${target}</arg>
<tag>Assertion</tag>
<tag>Getter</tag>
<tag>PageContent</tag>
<doc>Returns text attribute of the element found by ``selector``.</doc>
<status status="PASS" start="2024-10-04T11:45:17.282894" elapsed="0.039645"/>
</kw>
<arg>${output_message}</arg>
<status status="PASS" start="2024-10-04T11:45:16.971040" elapsed="0.351634"/>
</kw>
<arg>sac&amp;smartbit.com</arg>
<arg>pwd123</arg>
<arg>Oops! O email informado é inválido</arg>
<status status="PASS" start="2024-10-04T11:45:16.749644" elapsed="0.573088"/>
</kw>
<kw name="Login verify notice">
<kw name="Go to Login pages" owner="Login">
<kw name="Go To" owner="Browser">
<msg time="2024-10-04T11:45:17.430057" level="INFO">Successfully opened URL http://localhost:3000/login</msg>
<arg>http://localhost:3000/login</arg>
<tag>BrowserControl</tag>
<tag>Setter</tag>
<doc>Navigates to the given ``url``.</doc>
<status status="PASS" start="2024-10-04T11:45:17.323795" elapsed="0.106531"/>
</kw>
<status status="PASS" start="2024-10-04T11:45:17.323512" elapsed="0.107058"/>
</kw>
<kw name="Submit login form" owner="Login">
<kw name="Fill Text" owner="Browser">
<msg time="2024-10-04T11:45:17.432241" level="INFO">Fills the text 'asdfghjkgjhkghjk' in the given field.</msg>
<arg>css=input[name=email]</arg>
<arg>${email}</arg>
<tag>PageContent</tag>
<tag>Setter</tag>
<doc>Clears and fills the given ``txt`` into the text field found by ``selector``.</doc>
<status status="PASS" start="2024-10-04T11:45:17.431628" elapsed="0.049563"/>
</kw>
<kw name="Fill Text" owner="Browser">
<msg time="2024-10-04T11:45:17.481972" level="INFO">Fills the text 'pwd123' in the given field.</msg>
<arg>css=input[placeholder='Sua Senha']</arg>
<arg>${password}</arg>
<tag>PageContent</tag>
<tag>Setter</tag>
<doc>Clears and fills the given ``txt`` into the text field found by ``selector``.</doc>
<status status="PASS" start="2024-10-04T11:45:17.481501" elapsed="0.014874"/>
</kw>
<kw name="Click" owner="Browser">
<msg time="2024-10-04T11:45:17.498006" level="INFO">Clicks the element 'css=button &gt;&gt; text=Entrar'.</msg>
<arg>css=button &gt;&gt; text=Entrar</arg>
<tag>PageContent</tag>
<tag>Setter</tag>
<doc>Simulates mouse click on the element found by ``selector``.</doc>
<status status="PASS" start="2024-10-04T11:45:17.497337" elapsed="0.063790"/>
</kw>
<arg>${email}</arg>
<arg>${password}</arg>
<status status="PASS" start="2024-10-04T11:45:17.430957" elapsed="0.130458"/>
</kw>
<kw name="Notice should be" owner="BoxNotice">
<kw name="Set Variable" owner="BuiltIn">
<msg time="2024-10-04T11:45:17.563510" level="INFO">${element} = css=form .notice</msg>
<var>${element}</var>
<arg>css=form .notice</arg>
<doc>Returns the given values which can then be assigned to a variables.</doc>
<status status="PASS" start="2024-10-04T11:45:17.562712" elapsed="0.000947"/>
</kw>
<kw name="Wait For Elements State" owner="Browser">
<msg time="2024-10-04T11:45:17.882461" level="INFO">Waited for Element with selector css=form .notice at state visible</msg>
<arg>${element}</arg>
<arg>visible</arg>
<arg>5</arg>
<tag>PageContent</tag>
<tag>Wait</tag>
<doc>Waits for the element found by ``selector`` to satisfy state option.</doc>
<status status="PASS" start="2024-10-04T11:45:17.564224" elapsed="0.318572"/>
</kw>
<kw name="Get Text" owner="Browser">
<msg time="2024-10-04T11:45:17.931644" level="INFO">Text: 'Oops! O email informado é inválido'</msg>
<arg>css=form .notice</arg>
<arg>equal</arg>
<arg>${target}</arg>
<tag>Assertion</tag>
<tag>Getter</tag>
<tag>PageContent</tag>
<doc>Returns text attribute of the element found by ``selector``.</doc>
<status status="PASS" start="2024-10-04T11:45:17.883295" elapsed="0.048509"/>
</kw>
<arg>${output_message}</arg>
<status status="PASS" start="2024-10-04T11:45:17.561783" elapsed="0.370192"/>
</kw>
<arg>asdfghjkgjhkghjk</arg>
<arg>pwd123</arg>
<arg>Oops! O email informado é inválido</arg>
<status status="PASS" start="2024-10-04T11:45:17.322975" elapsed="0.609090"/>
</kw>
<kw name="Login verify notice">
<kw name="Go to Login pages" owner="Login">
<kw name="Go To" owner="Browser">
<msg time="2024-10-04T11:45:18.036795" level="INFO">Successfully opened URL http://localhost:3000/login</msg>
<arg>http://localhost:3000/login</arg>
<tag>BrowserControl</tag>
<tag>Setter</tag>
<doc>Navigates to the given ``url``.</doc>
<status status="PASS" start="2024-10-04T11:45:17.933234" elapsed="0.103807"/>
</kw>
<status status="PASS" start="2024-10-04T11:45:17.932906" elapsed="0.104356"/>
</kw>
<kw name="Submit login form" owner="Login">
<kw name="Fill Text" owner="Browser">
<msg time="2024-10-04T11:45:18.039075" level="INFO">Fills the text '!@#$!@##@%$#$%$¨' in the given field.</msg>
<arg>css=input[name=email]</arg>
<arg>${email}</arg>
<tag>PageContent</tag>
<tag>Setter</tag>
<doc>Clears and fills the given ``txt`` into the text field found by ``selector``.</doc>
<status status="PASS" start="2024-10-04T11:45:18.038261" elapsed="0.053923"/>
</kw>
<kw name="Fill Text" owner="Browser">
<msg time="2024-10-04T11:45:18.093187" level="INFO">Fills the text 'pwd123' in the given field.</msg>
<arg>css=input[placeholder='Sua Senha']</arg>
<arg>${password}</arg>
<tag>PageContent</tag>
<tag>Setter</tag>
<doc>Clears and fills the given ``txt`` into the text field found by ``selector``.</doc>
<status status="PASS" start="2024-10-04T11:45:18.092555" elapsed="0.016100"/>
</kw>
<kw name="Click" owner="Browser">
<msg time="2024-10-04T11:45:18.109360" level="INFO">Clicks the element 'css=button &gt;&gt; text=Entrar'.</msg>
<arg>css=button &gt;&gt; text=Entrar</arg>
<tag>PageContent</tag>
<tag>Setter</tag>
<doc>Simulates mouse click on the element found by ``selector``.</doc>
<status status="PASS" start="2024-10-04T11:45:18.108943" elapsed="0.058950"/>
</kw>
<arg>${email}</arg>
<arg>${password}</arg>
<status status="PASS" start="2024-10-04T11:45:18.037630" elapsed="0.130419"/>
</kw>
<kw name="Notice should be" owner="BoxNotice">
<kw name="Set Variable" owner="BuiltIn">
<msg time="2024-10-04T11:45:18.168857" level="INFO">${element} = css=form .notice</msg>
<var>${element}</var>
<arg>css=form .notice</arg>
<doc>Returns the given values which can then be assigned to a variables.</doc>
<status status="PASS" start="2024-10-04T11:45:18.168706" elapsed="0.000173"/>
</kw>
<kw name="Wait For Elements State" owner="Browser">
<msg time="2024-10-04T11:45:18.494799" level="INFO">Waited for Element with selector css=form .notice at state visible</msg>
<arg>${element}</arg>
<arg>visible</arg>
<arg>5</arg>
<tag>PageContent</tag>
<tag>Wait</tag>
<doc>Waits for the element found by ``selector`` to satisfy state option.</doc>
<status status="PASS" start="2024-10-04T11:45:18.169055" elapsed="0.326052"/>
</kw>
<kw name="Get Text" owner="Browser">
<msg time="2024-10-04T11:45:18.541240" level="INFO">Text: 'Oops! O email informado é inválido'</msg>
<arg>css=form .notice</arg>
<arg>equal</arg>
<arg>${target}</arg>
<tag>Assertion</tag>
<tag>Getter</tag>
<tag>PageContent</tag>
<doc>Returns text attribute of the element found by ``selector``.</doc>
<status status="PASS" start="2024-10-04T11:45:18.495683" elapsed="0.045740"/>
</kw>
<arg>${output_message}</arg>
<status status="PASS" start="2024-10-04T11:45:18.168287" elapsed="0.373324"/>
</kw>
<arg>!@#$!@##@%$#$%$¨</arg>
<arg>pwd123</arg>
<arg>Oops! O email informado é inválido</arg>
<status status="PASS" start="2024-10-04T11:45:17.932392" elapsed="0.609304"/>
</kw>
<kw name="Login verify notice">
<kw name="Go to Login pages" owner="Login">
<kw name="Go To" owner="Browser">
<msg time="2024-10-04T11:45:18.664647" level="INFO">Successfully opened URL http://localhost:3000/login</msg>
<arg>http://localhost:3000/login</arg>
<tag>BrowserControl</tag>
<tag>Setter</tag>
<doc>Navigates to the given ``url``.</doc>
<status status="PASS" start="2024-10-04T11:45:18.542706" elapsed="0.122232"/>
</kw>
<status status="PASS" start="2024-10-04T11:45:18.542420" elapsed="0.122770"/>
</kw>
<kw name="Submit login form" owner="Login">
<kw name="Fill Text" owner="Browser">
<msg time="2024-10-04T11:45:18.667068" level="INFO">Fills the text 'sac*smartbit.com' in the given field.</msg>
<arg>css=input[name=email]</arg>
<arg>${email}</arg>
<tag>PageContent</tag>
<tag>Setter</tag>
<doc>Clears and fills the given ``txt`` into the text field found by ``selector``.</doc>
<status status="PASS" start="2024-10-04T11:45:18.666286" elapsed="0.050958"/>
</kw>
<kw name="Fill Text" owner="Browser">
<msg time="2024-10-04T11:45:18.717947" level="INFO">Fills the text 'pwd123' in the given field.</msg>
<arg>css=input[placeholder='Sua Senha']</arg>
<arg>${password}</arg>
<tag>PageContent</tag>
<tag>Setter</tag>
<doc>Clears and fills the given ``txt`` into the text field found by ``selector``.</doc>
<status status="PASS" start="2024-10-04T11:45:18.717499" elapsed="0.016264"/>
</kw>
<kw name="Click" owner="Browser">
<msg time="2024-10-04T11:45:18.734438" level="INFO">Clicks the element 'css=button &gt;&gt; text=Entrar'.</msg>
<arg>css=button &gt;&gt; text=Entrar</arg>
<tag>PageContent</tag>
<tag>Setter</tag>
<doc>Simulates mouse click on the element found by ``selector``.</doc>
<status status="PASS" start="2024-10-04T11:45:18.734012" elapsed="0.064222"/>
</kw>
<arg>${email}</arg>
<arg>${password}</arg>
<status status="PASS" start="2024-10-04T11:45:18.665665" elapsed="0.133014"/>
</kw>
<kw name="Notice should be" owner="BoxNotice">
<kw name="Set Variable" owner="BuiltIn">
<msg time="2024-10-04T11:45:18.800649" level="INFO">${element} = css=form .notice</msg>
<var>${element}</var>
<arg>css=form .notice</arg>
<doc>Returns the given values which can then be assigned to a variables.</doc>
<status status="PASS" start="2024-10-04T11:45:18.800415" elapsed="0.000269"/>
</kw>
<kw name="Wait For Elements State" owner="Browser">
<msg time="2024-10-04T11:45:19.113477" level="INFO">Waited for Element with selector css=form .notice at state visible</msg>
<arg>${element}</arg>
<arg>visible</arg>
<arg>5</arg>
<tag>PageContent</tag>
<tag>Wait</tag>
<doc>Waits for the element found by ``selector`` to satisfy state option.</doc>
<status status="PASS" start="2024-10-04T11:45:18.800849" elapsed="0.313036"/>
</kw>
<kw name="Get Text" owner="Browser">
<msg time="2024-10-04T11:45:19.154192" level="INFO">Text: 'Oops! O email informado é inválido'</msg>
<arg>css=form .notice</arg>
<arg>equal</arg>
<arg>${target}</arg>
<tag>Assertion</tag>
<tag>Getter</tag>
<tag>PageContent</tag>
<doc>Returns text attribute of the element found by ``selector``.</doc>
<status status="PASS" start="2024-10-04T11:45:19.114597" elapsed="0.039854"/>
</kw>
<arg>${output_message}</arg>
<status status="PASS" start="2024-10-04T11:45:18.799698" elapsed="0.355082"/>
</kw>
<arg>sac*smartbit.com</arg>
<arg>pwd123</arg>
<arg>Oops! O email informado é inválido</arg>
<status status="PASS" start="2024-10-04T11:45:18.541973" elapsed="0.612978"/>
</kw>
<kw name="Login verify notice">
<kw name="Go to Login pages" owner="Login">
<kw name="Go To" owner="Browser">
<msg time="2024-10-04T11:45:19.262480" level="INFO">Successfully opened URL http://localhost:3000/login</msg>
<arg>http://localhost:3000/login</arg>
<tag>BrowserControl</tag>
<tag>Setter</tag>
<doc>Navigates to the given ``url``.</doc>
<status status="PASS" start="2024-10-04T11:45:19.156534" elapsed="0.106280"/>
</kw>
<status status="PASS" start="2024-10-04T11:45:19.156048" elapsed="0.106931"/>
</kw>
<kw name="Submit login form" owner="Login">
<kw name="Fill Text" owner="Browser">
<msg time="2024-10-04T11:45:19.264897" level="INFO">Fills the text 'www.smartbit.com' in the given field.</msg>
<arg>css=input[name=email]</arg>
<arg>${email}</arg>
<tag>PageContent</tag>
<tag>Setter</tag>
<doc>Clears and fills the given ``txt`` into the text field found by ``selector``.</doc>
<status status="PASS" start="2024-10-04T11:45:19.264303" elapsed="0.046958"/>
</kw>
<kw name="Fill Text" owner="Browser">
<msg time="2024-10-04T11:45:19.312035" level="INFO">Fills the text 'pwd123' in the given field.</msg>
<arg>css=input[placeholder='Sua Senha']</arg>
<arg>${password}</arg>
<tag>PageContent</tag>
<tag>Setter</tag>
<doc>Clears and fills the given ``txt`` into the text field found by ``selector``.</doc>
<status status="PASS" start="2024-10-04T11:45:19.311564" elapsed="0.015906"/>
</kw>
<kw name="Click" owner="Browser">
<msg time="2024-10-04T11:45:19.328498" level="INFO">Clicks the element 'css=button &gt;&gt; text=Entrar'.</msg>
<arg>css=button &gt;&gt; text=Entrar</arg>
<tag>PageContent</tag>
<tag>Setter</tag>
<doc>Simulates mouse click on the element found by ``selector``.</doc>
<status status="PASS" start="2024-10-04T11:45:19.327861" elapsed="0.050671"/>
</kw>
<arg>${email}</arg>
<arg>${password}</arg>
<status status="PASS" start="2024-10-04T11:45:19.263530" elapsed="0.115152"/>
</kw>
<kw name="Notice should be" owner="BoxNotice">
<kw name="Set Variable" owner="BuiltIn">
<msg time="2024-10-04T11:45:19.379403" level="INFO">${element} = css=form .notice</msg>
<var>${element}</var>
<arg>css=form .notice</arg>
<doc>Returns the given values which can then be assigned to a variables.</doc>
<status status="PASS" start="2024-10-04T11:45:19.379210" elapsed="0.000223"/>
</kw>
<kw name="Wait For Elements State" owner="Browser">
<msg time="2024-10-04T11:45:20.200301" level="INFO">Waited for Element with selector css=form .notice at state visible</msg>
<arg>${element}</arg>
<arg>visible</arg>
<arg>5</arg>
<tag>PageContent</tag>
<tag>Wait</tag>
<doc>Waits for the element found by ``selector`` to satisfy state option.</doc>
<status status="PASS" start="2024-10-04T11:45:19.379568" elapsed="0.820960"/>
</kw>
<kw name="Get Text" owner="Browser">
<msg time="2024-10-04T11:45:20.233944" level="INFO">Text: 'Oops! O email informado é inválido'</msg>
<arg>css=form .notice</arg>
<arg>equal</arg>
<arg>${target}</arg>
<tag>Assertion</tag>
<tag>Getter</tag>
<tag>PageContent</tag>
<doc>Returns text attribute of the element found by ``selector``.</doc>
<status status="PASS" start="2024-10-04T11:45:20.200771" elapsed="0.033315"/>
</kw>
<arg>${output_message}</arg>
<status status="PASS" start="2024-10-04T11:45:19.378882" elapsed="0.855368"/>
</kw>
<arg>www.smartbit.com</arg>
<arg>pwd123</arg>
<arg>Oops! O email informado é inválido</arg>
<status status="PASS" start="2024-10-04T11:45:19.155350" elapsed="1.079017"/>
</kw>
<kw name="Login verify notice">
<kw name="Go to Login pages" owner="Login">
<kw name="Go To" owner="Browser">
<msg time="2024-10-04T11:45:20.356091" level="INFO">Successfully opened URL http://localhost:3000/login</msg>
<arg>http://localhost:3000/login</arg>
<tag>BrowserControl</tag>
<tag>Setter</tag>
<doc>Navigates to the given ``url``.</doc>
<status status="PASS" start="2024-10-04T11:45:20.235542" elapsed="0.121103"/>
</kw>
<status status="PASS" start="2024-10-04T11:45:20.235250" elapsed="0.121641"/>
</kw>
<kw name="Submit login form" owner="Login">
<kw name="Fill Text" owner="Browser">
<msg time="2024-10-04T11:45:20.359002" level="INFO">Fills the text 'smartbit.com@***' in the given field.</msg>
<arg>css=input[name=email]</arg>
<arg>${email}</arg>
<tag>PageContent</tag>
<tag>Setter</tag>
<doc>Clears and fills the given ``txt`` into the text field found by ``selector``.</doc>
<status status="PASS" start="2024-10-04T11:45:20.358040" elapsed="0.053207"/>
</kw>
<kw name="Fill Text" owner="Browser">
<msg time="2024-10-04T11:45:20.412147" level="INFO">Fills the text 'pwd123' in the given field.</msg>
<arg>css=input[placeholder='Sua Senha']</arg>
<arg>${password}</arg>
<tag>PageContent</tag>
<tag>Setter</tag>
<doc>Clears and fills the given ``txt`` into the text field found by ``selector``.</doc>
<status status="PASS" start="2024-10-04T11:45:20.411579" elapsed="0.016324"/>
</kw>
<kw name="Click" owner="Browser">
<msg time="2024-10-04T11:45:20.428968" level="INFO">Clicks the element 'css=button &gt;&gt; text=Entrar'.</msg>
<arg>css=button &gt;&gt; text=Entrar</arg>
<tag>PageContent</tag>
<tag>Setter</tag>
<doc>Simulates mouse click on the element found by ``selector``.</doc>
<status status="PASS" start="2024-10-04T11:45:20.428287" elapsed="0.045240"/>
</kw>
<arg>${email}</arg>
<arg>${password}</arg>
<status status="PASS" start="2024-10-04T11:45:20.357229" elapsed="0.116852"/>
</kw>
<kw name="Notice should be" owner="BoxNotice">
<kw name="Set Variable" owner="BuiltIn">
<msg time="2024-10-04T11:45:20.475403" level="INFO">${element} = css=form .notice</msg>
<var>${element}</var>
<arg>css=form .notice</arg>
<doc>Returns the given values which can then be assigned to a variables.</doc>
<status status="PASS" start="2024-10-04T11:45:20.475121" elapsed="0.000340"/>
</kw>
<kw name="Wait For Elements State" owner="Browser">
<msg time="2024-10-04T11:45:20.789886" level="INFO">Waited for Element with selector css=form .notice at state visible</msg>
<arg>${element}</arg>
<arg>visible</arg>
<arg>5</arg>
<tag>PageContent</tag>
<tag>Wait</tag>
<doc>Waits for the element found by ``selector`` to satisfy state option.</doc>
<status status="PASS" start="2024-10-04T11:45:20.475684" elapsed="0.314614"/>
</kw>
<kw name="Get Text" owner="Browser">
<msg time="2024-10-04T11:45:20.839605" level="INFO">Text: 'Oops! O email informado é inválido'</msg>
<arg>css=form .notice</arg>
<arg>equal</arg>
<arg>${target}</arg>
<tag>Assertion</tag>
<tag>Getter</tag>
<tag>PageContent</tag>
<doc>Returns text attribute of the element found by ``selector``.</doc>
<status status="PASS" start="2024-10-04T11:45:20.791041" elapsed="0.048734"/>
</kw>
<arg>${output_message}</arg>
<status status="PASS" start="2024-10-04T11:45:20.474563" elapsed="0.365364"/>
</kw>
<arg>smartbit.com@***</arg>
<arg>pwd123</arg>
<arg>Oops! O email informado é inválido</arg>
<status status="PASS" start="2024-10-04T11:45:20.234773" elapsed="0.605244"/>
</kw>
<kw name="Take Screenshot" owner="Browser" type="TEARDOWN">
<msg time="2024-10-04T11:45:20.878115" level="INFO" html="true">&lt;/td&gt;&lt;/tr&gt;&lt;tr&gt;&lt;td colspan="3"&gt;&lt;a href="browser/screenshot/robotframework-browser-screenshot-8.png" target="_blank"&gt;&lt;img src="browser/screenshot/robotframework-browser-screenshot-8.png" width="800px"/&gt;&lt;/a&gt;</msg>
<tag>PageContent</tag>
<doc>Takes a screenshot of the current window or element and saves it to disk.</doc>
<status status="PASS" start="2024-10-04T11:45:20.840455" elapsed="0.037837"/>
</kw>
<status status="PASS" start="2024-10-04T11:45:13.468042" elapsed="7.410432"/>
</test>
<doc>Tests scenarios of SAC Login</doc>
<status status="PASS" start="2024-10-04T11:45:04.786226" elapsed="16.137021"/>
</suite>
<suite id="s1-s3" name="Memberships" source="/home/edson/workpace/course/robot-framework/qaX/smartbit/smartbit-apps/web/tests/memberships.robot">
<test id="s1-s3-t1" name="Should realize a new Memberships" line="11">
<kw name="Start session" owner="Base" type="SETUP">
<kw name="New Browser" owner="Browser">
<msg time="2024-10-04T11:45:20.978654" level="INFO">Switching browser to browser=e3777a53-c7d1-429e-9720-036a094630ac</msg>
<msg time="2024-10-04T11:45:20.980698" level="INFO">Successfully changed active browser: browser=e3777a53-c7d1-429e-9720-036a094630ac</msg>
<msg time="2024-10-04T11:45:20.980836" level="INFO">Reusing existing browser with id: browser=e3777a53-c7d1-429e-9720-036a094630ac</msg>
<arg>browser=firefox</arg>
<arg>headless=False</arg>
<tag>BrowserControl</tag>
<tag>Setter</tag>
<doc>Create a new playwright Browser with specified options.</doc>
<status status="PASS" start="2024-10-04T11:45:20.978089" elapsed="0.002834"/>
</kw>
<kw name="New Page" owner="Browser">
<msg time="2024-10-04T11:45:25.572559" level="INFO">Successfully initialized new page object and opened url: http://localhost:3000/</msg>
<msg time="2024-10-04T11:45:25.572830" level="INFO">No context was open. New context was automatically opened when this page is created.</msg>
<arg>http://localhost:3000/</arg>
<tag>BrowserControl</tag>
<tag>Setter</tag>
<doc>Open a new Page.</doc>
<status status="PASS" start="2024-10-04T11:45:20.981205" elapsed="4.592166"/>
</kw>
<status status="PASS" start="2024-10-04T11:45:20.977634" elapsed="4.596208"/>
</kw>
<kw name="Get Json fixture" owner="Base">
<kw name="Load Json From File" owner="JSONLibrary">
<msg time="2024-10-04T11:45:25.577149" level="INFO">${data} = {'create': {'account': {'name': 'Paulo Cintura', 'email': 'paulo@cintura.com.br', 'cpf': '05138356011'}, 'plan': {'name': 'Plano Black', 'id': 2, 'price': 79.99}, 'credit_card': {'number': '4242424242...</msg>
<var>${data}</var>
<arg>${EXECDIR}/smartbit-apps/web/resources/fixtures/${file_name}.json</arg>
<arg>encoding=utf-8</arg>
<doc>Load JSON from file.</doc>
<status status="PASS" start="2024-10-04T11:45:25.575673" elapsed="0.001578"/>
</kw>
<return>
<value>${data}[${scenario}]</value>
<status status="PASS" start="2024-10-04T11:45:25.577522" elapsed="0.000138"/>
</return>
<msg time="2024-10-04T11:45:25.578097" level="INFO">${data} = {'account': {'name': 'Paulo Cintura', 'email': 'paulo@cintura.com.br', 'cpf': '05138356011'}, 'plan': {'name': 'Plano Black', 'id': 2, 'price': 79.99}, 'credit_card': {'number': '4242424242424242', 'h...</msg>
<var>${data}</var>
<arg>memberships</arg>
<arg>create</arg>
<status status="PASS" start="2024-10-04T11:45:25.574696" elapsed="0.003476"/>
</kw>
<kw name="Delete Account By Email" owner="Database">
<arg>${data}[account][email]</arg>
<status status="PASS" start="2024-10-04T11:45:25.578682" elapsed="0.011780"/>
</kw>
<kw name="Insert Account" owner="Database">
<arg>${data}[account]</arg>
<status status="PASS" start="2024-10-04T11:45:25.591076" elapsed="0.009539"/>
</kw>
<kw name="SignIn admin" owner="Base">
<kw name="Go to Login pages" owner="Login">
<kw name="Go To" owner="Browser">
<msg time="2024-10-04T11:45:25.773934" level="INFO">Successfully opened URL http://localhost:3000/login</msg>
<arg>http://localhost:3000/login</arg>
<tag>BrowserControl</tag>
<tag>Setter</tag>
<doc>Navigates to the given ``url``.</doc>
<status status="PASS" start="2024-10-04T11:45:25.602100" elapsed="0.172043"/>
</kw>
<status status="PASS" start="2024-10-04T11:45:25.601708" elapsed="0.172647"/>
</kw>
<kw name="Submit login form" owner="Login">
<kw name="Fill Text" owner="Browser">
<msg time="2024-10-04T11:45:25.775931" level="INFO">Fills the text 'sac@smartbit.com' in the given field.</msg>
<arg>css=input[name=email]</arg>
<arg>${email}</arg>
<tag>PageContent</tag>
<tag>Setter</tag>
<doc>Clears and fills the given ``txt`` into the text field found by ``selector``.</doc>
<status status="PASS" start="2024-10-04T11:45:25.775246" elapsed="0.054401"/>
</kw>
<kw name="Fill Text" owner="Browser">
<msg time="2024-10-04T11:45:25.830493" level="INFO">Fills the text 'pwd123' in the given field.</msg>
<arg>css=input[placeholder='Sua Senha']</arg>
<arg>${password}</arg>
<tag>PageContent</tag>
<tag>Setter</tag>
<doc>Clears and fills the given ``txt`` into the text field found by ``selector``.</doc>
<status status="PASS" start="2024-10-04T11:45:25.829987" elapsed="0.012970"/>
</kw>
<kw name="Click" owner="Browser">
<msg time="2024-10-04T11:45:25.844039" level="INFO">Clicks the element 'css=button &gt;&gt; text=Entrar'.</msg>
<arg>css=button &gt;&gt; text=Entrar</arg>
<tag>PageContent</tag>
<tag>Setter</tag>
<doc>Simulates mouse click on the element found by ``selector``.</doc>
<status status="PASS" start="2024-10-04T11:45:25.843398" elapsed="0.047841"/>
</kw>
<arg>${ADMIN_EMAIL}</arg>
<arg>${ADMIN_PASSWORD}</arg>
<status status="PASS" start="2024-10-04T11:45:25.774712" elapsed="0.116733"/>
</kw>
<kw name="User is logged in" owner="Navbar">
<kw name="Set Variable" owner="BuiltIn">
<msg time="2024-10-04T11:45:25.892245" level="INFO">${element} = css=.logged-user</msg>
<var>${element}</var>
<arg>css=.logged-user</arg>
<doc>Returns the given values which can then be assigned to a variables.</doc>
<status status="PASS" start="2024-10-04T11:45:25.892087" elapsed="0.000183"/>
</kw>
<kw name="Wait For Elements State" owner="Browser">
<msg time="2024-10-04T11:45:27.219922" level="INFO">Waited for Element with selector css=.logged-user at state visible</msg>
<arg>${element}</arg>
<arg>visible</arg>
<arg>5</arg>
<tag>PageContent</tag>
<tag>Wait</tag>
<doc>Waits for the element found by ``selector`` to satisfy state option.</doc>
<status status="PASS" start="2024-10-04T11:45:25.892409" elapsed="1.327914"/>
</kw>
<kw name="Get Text" owner="Browser">
<msg time="2024-10-04T11:45:27.262050" level="INFO">Text: 'sac@smartbit.com'</msg>
<arg>${element}</arg>
<arg>equal</arg>
<arg>${email}</arg>
<tag>Assertion</tag>
<tag>Getter</tag>
<tag>PageContent</tag>
<doc>Returns text attribute of the element found by ``selector``.</doc>
<status status="PASS" start="2024-10-04T11:45:27.220678" elapsed="0.041734"/>
</kw>
<arg>${ADMIN_EMAIL}</arg>
<status status="PASS" start="2024-10-04T11:45:25.891706" elapsed="1.370871"/>
</kw>
<status status="PASS" start="2024-10-04T11:45:25.601192" elapsed="1.661451"/>
</kw>
<kw name="Go to Memberships" owner="Navbar">
<kw name="Click" owner="Browser">
<msg time="2024-10-04T11:45:27.263810" level="INFO">Clicks the element 'css=a[href="/memberships"]'.</msg>
<arg>css=a[href="/memberships"]</arg>
<tag>PageContent</tag>
<tag>Setter</tag>
<doc>Simulates mouse click on the element found by ``selector``.</doc>
<status status="PASS" start="2024-10-04T11:45:27.263306" elapsed="0.067956"/>
</kw>
<kw name="Wait For Elements State" owner="Browser">
<msg time="2024-10-04T11:45:27.340983" level="INFO">Waited for Element with selector css=h1 &gt;&gt; text=Matrículas at state visible</msg>
<arg>css=h1 &gt;&gt; text=Matrículas</arg>
<arg>visible</arg>
<arg>5</arg>
<tag>PageContent</tag>
<tag>Wait</tag>
<doc>Waits for the element found by ``selector`` to satisfy state option.</doc>
<status status="PASS" start="2024-10-04T11:45:27.331832" elapsed="0.009405"/>
</kw>
<status status="PASS" start="2024-10-04T11:45:27.262967" elapsed="0.078477"/>
</kw>
<kw name="Create new membership" owner="Memberships">
<kw name="Go to Memberships form" owner="Memberships">
<kw name="Click" owner="Browser">
<msg time="2024-10-04T11:45:27.343103" level="INFO">Clicks the element 'css=a[href="/memberships/new"]'.</msg>
<arg>css=a[href="/memberships/new"]</arg>
<tag>PageContent</tag>
<tag>Setter</tag>
<doc>Simulates mouse click on the element found by ``selector``.</doc>
<status status="PASS" start="2024-10-04T11:45:27.342657" elapsed="0.081783"/>
</kw>
<kw name="Wait For Elements State" owner="Browser">
<msg time="2024-10-04T11:45:27.446802" level="INFO">Waited for Element with selector css=h1 &gt;&gt; text=Nova Matrícula at state visible</msg>
<arg>css=h1 &gt;&gt; text=Nova Matrícula</arg>
<arg>visible</arg>
<arg>5</arg>
<tag>PageContent</tag>
<tag>Wait</tag>
<doc>Waits for the element found by ``selector`` to satisfy state option.</doc>
<status status="PASS" start="2024-10-04T11:45:27.424889" elapsed="0.022208"/>
</kw>
<status status="PASS" start="2024-10-04T11:45:27.342323" elapsed="0.105050"/>
</kw>
<kw name="Select account" owner="Memberships">
<kw name="Fill Text" owner="Browser">
<msg time="2024-10-04T11:45:27.449199" level="INFO">Fills the text 'Paulo Cintura' in the given field.</msg>
<arg>css=input[aria-label=select_account]</arg>
<arg>${name}</arg>
<tag>PageContent</tag>
<tag>Setter</tag>
<doc>Clears and fills the given ``txt`` into the text field found by ``selector``.</doc>
<status status="PASS" start="2024-10-04T11:45:27.448664" elapsed="0.027464"/>
</kw>
<kw name="Click" owner="Browser">
<msg time="2024-10-04T11:45:27.477318" level="INFO">Clicks the element 'css=[data-testid="05138356011"]'.</msg>
<arg>css=[data-testid="${cpf}"]</arg>
<tag>PageContent</tag>
<tag>Setter</tag>
<doc>Simulates mouse click on the element found by ``selector``.</doc>
<status status="PASS" start="2024-10-04T11:45:27.476538" elapsed="0.069749"/>
</kw>
<arg>${data}[account][name]</arg>
<arg>${data}[account][cpf]</arg>
<status status="PASS" start="2024-10-04T11:45:27.447962" elapsed="0.098625"/>
</kw>
<kw name="Select plan" owner="Memberships">
<kw name="Fill Text" owner="Browser">
<msg time="2024-10-04T11:45:27.548689" level="INFO">Fills the text 'Plano Black' in the given field.</msg>
<arg>css=input[aria-label=select_plan]</arg>
<arg>${plan}</arg>
<tag>PageContent</tag>
<tag>Setter</tag>
<doc>Clears and fills the given ``txt`` into the text field found by ``selector``.</doc>
<status status="PASS" start="2024-10-04T11:45:27.548125" elapsed="0.024082"/>
</kw>
<kw name="Click" owner="Browser">
<msg time="2024-10-04T11:45:27.573585" level="INFO">Clicks the element 'css=div[class$=option] &gt;&gt; text=Plano Black'.</msg>
<arg>css=div[class$=option] &gt;&gt; text=${plan}</arg>
<tag>PageContent</tag>
<tag>Setter</tag>
<doc>Simulates mouse click on the element found by ``selector``.</doc>
<status status="PASS" start="2024-10-04T11:45:27.572587" elapsed="0.058612"/>
</kw>
<arg>${data}[plan][name]</arg>
<status status="PASS" start="2024-10-04T11:45:27.547172" elapsed="0.084213"/>
</kw>
[...]
<status status="PASS" start="2024-10-04T11:46:00.443410" elapsed="0.019266"/>
</kw>
<kw name="Fill Text" owner="Browser">
<msg time="2024-10-04T11:46:00.463570" level="INFO">Fills the text 'Edson' in the given field.</msg>
<arg>id=name</arg>
<arg>${account}[name]</arg>
<tag>PageContent</tag>
<tag>Setter</tag>
<doc>Clears and fills the given ``txt`` into the text field found by ``selector``.</doc>
<status status="PASS" start="2024-10-04T11:46:00.462968" elapsed="0.014693"/>
</kw>
<kw name="Fill Text" owner="Browser">
<msg time="2024-10-04T11:46:00.479045" level="INFO">Fills the text 'edson@xpto.com' in the given field.</msg>
<arg>id=email</arg>
<arg>${account}[email]</arg>
<tag>PageContent</tag>
<tag>Setter</tag>
<doc>Clears and fills the given ``txt`` into the text field found by ``selector``.</doc>
<status status="PASS" start="2024-10-04T11:46:00.478404" elapsed="0.016783"/>
</kw>
<kw name="Fill Text" owner="Browser">
<msg time="2024-10-04T11:46:00.496201" level="INFO">Fills the text '12345678' in the given field.</msg>
<arg>id=cpf</arg>
<arg>${account}[cpf]</arg>
<tag>PageContent</tag>
<tag>Setter</tag>
<doc>Clears and fills the given ``txt`` into the text field found by ``selector``.</doc>
<status status="PASS" start="2024-10-04T11:46:00.495623" elapsed="0.013411"/>
</kw>
<kw name="Click" owner="Browser">
<msg time="2024-10-04T11:46:00.510778" level="INFO">Clicks the element 'css=button &gt;&gt; text=Cadastrar'.</msg>
<arg>css=button &gt;&gt; text=Cadastrar</arg>
<tag>PageContent</tag>
<tag>Setter</tag>
<doc>Simulates mouse click on the element found by ``selector``.</doc>
<status status="PASS" start="2024-10-04T11:46:00.509552" elapsed="0.035959"/>
</kw>
<arg>${account}</arg>
<status status="PASS" start="2024-10-04T11:46:00.442835" elapsed="0.102866"/>
</kw>
<kw name="Notice should be" owner="BoxNotice">
<kw name="Set Variable" owner="BuiltIn">
<msg time="2024-10-04T11:46:00.546541" level="INFO">${element} = css=form .notice</msg>
<var>${element}</var>
<arg>css=form .notice</arg>
<doc>Returns the given values which can then be assigned to a variables.</doc>
<status status="PASS" start="2024-10-04T11:46:00.546356" elapsed="0.000213"/>
</kw>
<kw name="Wait For Elements State" owner="Browser">
<msg time="2024-10-04T11:46:00.860260" level="INFO">Waited for Element with selector css=form .notice at state visible</msg>
<arg>${element}</arg>
<arg>visible</arg>
<arg>5</arg>
<tag>PageContent</tag>
<tag>Wait</tag>
<doc>Waits for the element found by ``selector`` to satisfy state option.</doc>
<status status="PASS" start="2024-10-04T11:46:00.546715" elapsed="0.313768"/>
</kw>
<kw name="Get Text" owner="Browser">
<msg time="2024-10-04T11:46:00.879652" level="INFO">Text: 'Oops! O CPF informado é inválido'</msg>
<arg>css=form .notice</arg>
<arg>equal</arg>
<arg>${target}</arg>
<tag>Assertion</tag>
<tag>Getter</tag>
<tag>PageContent</tag>
<doc>Returns text attribute of the element found by ``selector``.</doc>
<status status="PASS" start="2024-10-04T11:46:00.860762" elapsed="0.019005"/>
</kw>
<arg>${output_message}</arg>
<status status="PASS" start="2024-10-04T11:46:00.545958" elapsed="0.333931"/>
</kw>
<arg>Edson</arg>
<arg>edson@xpto.com</arg>
<arg>12345678</arg>
<arg>Oops! O CPF informado é inválido</arg>
<status status="PASS" start="2024-10-04T11:46:00.440758" elapsed="0.439184"/>
</kw>
<kw name="Attempt signup">
<kw name="Create Dictionary" owner="BuiltIn">
<msg time="2024-10-04T11:46:00.880846" level="INFO">${account} = {'name': 'Edson', 'email': 'edson@xpto.com', 'cpf': '1'}</msg>
<var>${account}</var>
<arg>name=${name}</arg>
<arg>email=${email}</arg>
<arg>cpf=${cpf}</arg>
<doc>Creates and returns a dictionary based on the given ``items``.</doc>
<status status="PASS" start="2024-10-04T11:46:00.880606" elapsed="0.000260"/>
</kw>
<kw name="Submit signup form" owner="Landing">
<kw name="Get Text" owner="Browser">
<msg time="2024-10-04T11:46:00.901492" level="INFO">Text: 'Faça seu cadastro e venha para a Smartbit!'</msg>
<arg>css=#signup h2</arg>
<arg>equal</arg>
<arg>Faça seu cadastro e venha para a Smartbit!</arg>
<tag>Assertion</tag>
<tag>Getter</tag>
<tag>PageContent</tag>
<doc>Returns text attribute of the element found by ``selector``.</doc>
<status status="PASS" start="2024-10-04T11:46:00.881213" elapsed="0.020440"/>
</kw>
<kw name="Fill Text" owner="Browser">
<msg time="2024-10-04T11:46:00.902572" level="INFO">Fills the text 'Edson' in the given field.</msg>
<arg>id=name</arg>
<arg>${account}[name]</arg>
<tag>PageContent</tag>
<tag>Setter</tag>
<doc>Clears and fills the given ``txt`` into the text field found by ``selector``.</doc>
<status status="PASS" start="2024-10-04T11:46:00.901958" elapsed="0.012032"/>
</kw>
<kw name="Fill Text" owner="Browser">
<msg time="2024-10-04T11:46:00.914911" level="INFO">Fills the text 'edson@xpto.com' in the given field.</msg>
<arg>id=email</arg>
<arg>${account}[email]</arg>
<tag>PageContent</tag>
<tag>Setter</tag>
<doc>Clears and fills the given ``txt`` into the text field found by ``selector``.</doc>
<status status="PASS" start="2024-10-04T11:46:00.914325" elapsed="0.015716"/>
</kw>
<kw name="Fill Text" owner="Browser">
<msg time="2024-10-04T11:46:00.930901" level="INFO">Fills the text '1' in the given field.</msg>
<arg>id=cpf</arg>
<arg>${account}[cpf]</arg>
<tag>PageContent</tag>
<tag>Setter</tag>
<doc>Clears and fills the given ``txt`` into the text field found by ``selector``.</doc>
<status status="PASS" start="2024-10-04T11:46:00.930345" elapsed="0.012339"/>
</kw>
<kw name="Click" owner="Browser">
<msg time="2024-10-04T11:46:00.943852" level="INFO">Clicks the element 'css=button &gt;&gt; text=Cadastrar'.</msg>
<arg>css=button &gt;&gt; text=Cadastrar</arg>
<tag>PageContent</tag>
<tag>Setter</tag>
<doc>Simulates mouse click on the element found by ``selector``.</doc>
<status status="PASS" start="2024-10-04T11:46:00.943200" elapsed="0.037807"/>
</kw>
<arg>${account}</arg>
<status status="PASS" start="2024-10-04T11:46:00.881002" elapsed="0.100353"/>
</kw>
<kw name="Notice should be" owner="BoxNotice">
<kw name="Set Variable" owner="BuiltIn">
<msg time="2024-10-04T11:46:00.982546" level="INFO">${element} = css=form .notice</msg>
<var>${element}</var>
<arg>css=form .notice</arg>
<doc>Returns the given values which can then be assigned to a variables.</doc>
<status status="PASS" start="2024-10-04T11:46:00.982214" elapsed="0.000419"/>
</kw>
<kw name="Wait For Elements State" owner="Browser">
<msg time="2024-10-04T11:46:01.293849" level="INFO">Waited for Element with selector css=form .notice at state visible</msg>
<arg>${element}</arg>
<arg>visible</arg>
<arg>5</arg>
<tag>PageContent</tag>
<tag>Wait</tag>
<doc>Waits for the element found by ``selector`` to satisfy state option.</doc>
<status status="PASS" start="2024-10-04T11:46:00.982911" elapsed="0.311572"/>
</kw>
<kw name="Get Text" owner="Browser">
<msg time="2024-10-04T11:46:01.314296" level="INFO">Text: 'Oops! O CPF informado é inválido'</msg>
<arg>css=form .notice</arg>
<arg>equal</arg>
<arg>${target}</arg>
<tag>Assertion</tag>
<tag>Getter</tag>
<tag>PageContent</tag>
<doc>Returns text attribute of the element found by ``selector``.</doc>
<status status="PASS" start="2024-10-04T11:46:01.294829" elapsed="0.019650"/>
</kw>
<arg>${output_message}</arg>
<status status="PASS" start="2024-10-04T11:46:00.981701" elapsed="0.332945"/>
</kw>
<arg>Edson</arg>
<arg>edson@xpto.com</arg>
<arg>1</arg>
<arg>Oops! O CPF informado é inválido</arg>
<status status="PASS" start="2024-10-04T11:46:00.880174" elapsed="0.434560"/>
</kw>
<kw name="Attempt signup">
<kw name="Create Dictionary" owner="BuiltIn">
<msg time="2024-10-04T11:46:01.316037" level="INFO">${account} = {'name': 'Edson', 'email': 'edson@xpto.com', 'cpf': 'sasdfasdf'}</msg>
<var>${account}</var>
<arg>name=${name}</arg>
<arg>email=${email}</arg>
<arg>cpf=${cpf}</arg>
<doc>Creates and returns a dictionary based on the given ``items``.</doc>
<status status="PASS" start="2024-10-04T11:46:01.315557" elapsed="0.000537"/>
</kw>
<kw name="Submit signup form" owner="Landing">
<kw name="Get Text" owner="Browser">
<msg time="2024-10-04T11:46:01.338486" level="INFO">Text: 'Faça seu cadastro e venha para a Smartbit!'</msg>
<arg>css=#signup h2</arg>
<arg>equal</arg>
<arg>Faça seu cadastro e venha para a Smartbit!</arg>
<tag>Assertion</tag>
<tag>Getter</tag>
<tag>PageContent</tag>
<doc>Returns text attribute of the element found by ``selector``.</doc>
<status status="PASS" start="2024-10-04T11:46:01.316941" elapsed="0.021672"/>
</kw>
<kw name="Fill Text" owner="Browser">
<msg time="2024-10-04T11:46:01.339571" level="INFO">Fills the text 'Edson' in the given field.</msg>
<arg>id=name</arg>
<arg>${account}[name]</arg>
<tag>PageContent</tag>
<tag>Setter</tag>
<doc>Clears and fills the given ``txt`` into the text field found by ``selector``.</doc>
<status status="PASS" start="2024-10-04T11:46:01.338854" elapsed="0.014664"/>
</kw>
<kw name="Fill Text" owner="Browser">
<msg time="2024-10-04T11:46:01.354777" level="INFO">Fills the text 'edson@xpto.com' in the given field.</msg>
<arg>id=email</arg>
<arg>${account}[email]</arg>
<tag>PageContent</tag>
<tag>Setter</tag>
<doc>Clears and fills the given ``txt`` into the text field found by ``selector``.</doc>
<status status="PASS" start="2024-10-04T11:46:01.354058" elapsed="0.015222"/>
</kw>
<kw name="Fill Text" owner="Browser">
<msg time="2024-10-04T11:46:01.370585" level="INFO">Fills the text 'sasdfasdf' in the given field.</msg>
<arg>id=cpf</arg>
<arg>${account}[cpf]</arg>
<tag>PageContent</tag>
<tag>Setter</tag>
<doc>Clears and fills the given ``txt`` into the text field found by ``selector``.</doc>
<status status="PASS" start="2024-10-04T11:46:01.369873" elapsed="0.012870"/>
</kw>
<kw name="Click" owner="Browser">
<msg time="2024-10-04T11:46:01.384971" level="INFO">Clicks the element 'css=button &gt;&gt; text=Cadastrar'.</msg>
<arg>css=button &gt;&gt; text=Cadastrar</arg>
<tag>PageContent</tag>
<tag>Setter</tag>
<doc>Simulates mouse click on the element found by ``selector``.</doc>
<status status="PASS" start="2024-10-04T11:46:01.383590" elapsed="0.039826"/>
</kw>
<arg>${account}</arg>
<status status="PASS" start="2024-10-04T11:46:01.316511" elapsed="0.107102"/>
</kw>
<kw name="Notice should be" owner="BoxNotice">
<kw name="Set Variable" owner="BuiltIn">
<msg time="2024-10-04T11:46:01.424610" level="INFO">${element} = css=form .notice</msg>
<var>${element}</var>
<arg>css=form .notice</arg>
<doc>Returns the given values which can then be assigned to a variables.</doc>
<status status="PASS" start="2024-10-04T11:46:01.424314" elapsed="0.000355"/>
</kw>
<kw name="Wait For Elements State" owner="Browser">
<msg time="2024-10-04T11:46:01.742008" level="INFO">Waited for Element with selector css=form .notice at state visible</msg>
<arg>${element}</arg>
<arg>visible</arg>
<arg>5</arg>
<tag>PageContent</tag>
<tag>Wait</tag>
<doc>Waits for the element found by ``selector`` to satisfy state option.</doc>
<status status="PASS" start="2024-10-04T11:46:01.424883" elapsed="0.317488"/>
</kw>
<kw name="Get Text" owner="Browser">
<msg time="2024-10-04T11:46:01.771211" level="INFO">Text: 'Oops! O CPF informado é inválido'</msg>
<arg>css=form .notice</arg>
<arg>equal</arg>
<arg>${target}</arg>
<tag>Assertion</tag>
<tag>Getter</tag>
<tag>PageContent</tag>
<doc>Returns text attribute of the element found by ``selector``.</doc>
<status status="PASS" start="2024-10-04T11:46:01.742868" elapsed="0.028535"/>
</kw>
<arg>${output_message}</arg>
<status status="PASS" start="2024-10-04T11:46:01.423890" elapsed="0.347707"/>
</kw>
<arg>Edson</arg>
<arg>edson@xpto.com</arg>
<arg>sasdfasdf</arg>
<arg>Oops! O CPF informado é inválido</arg>
<status status="PASS" start="2024-10-04T11:46:01.315037" elapsed="0.456664"/>
</kw>
<kw name="Attempt signup">
<kw name="Create Dictionary" owner="BuiltIn">
<msg time="2024-10-04T11:46:01.773230" level="INFO">${account} = {'name': 'Edson', 'email': 'edson@xpto.com', 'cpf': '$#%@#$%***'}</msg>
<var>${account}</var>
<arg>name=${name}</arg>
<arg>email=${email}</arg>
<arg>cpf=${cpf}</arg>
<doc>Creates and returns a dictionary based on the given ``items``.</doc>
<status status="PASS" start="2024-10-04T11:46:01.772722" elapsed="0.000552"/>
</kw>
<kw name="Submit signup form" owner="Landing">
<kw name="Get Text" owner="Browser">
<msg time="2024-10-04T11:46:01.798194" level="INFO">Text: 'Faça seu cadastro e venha para a Smartbit!'</msg>
<arg>css=#signup h2</arg>
<arg>equal</arg>
<arg>Faça seu cadastro e venha para a Smartbit!</arg>
<tag>Assertion</tag>
<tag>Getter</tag>
<tag>PageContent</tag>
<doc>Returns text attribute of the element found by ``selector``.</doc>
<status status="PASS" start="2024-10-04T11:46:01.773986" elapsed="0.024401"/>
</kw>
<kw name="Fill Text" owner="Browser">
<msg time="2024-10-04T11:46:01.799338" level="INFO">Fills the text 'Edson' in the given field.</msg>
<arg>id=name</arg>
<arg>${account}[name]</arg>
<tag>PageContent</tag>
<tag>Setter</tag>
<doc>Clears and fills the given ``txt`` into the text field found by ``selector``.</doc>
<status status="PASS" start="2024-10-04T11:46:01.798705" elapsed="0.016823"/>
</kw>
<kw name="Fill Text" owner="Browser">
<msg time="2024-10-04T11:46:01.816400" level="INFO">Fills the text 'edson@xpto.com' in the given field.</msg>
<arg>id=email</arg>
<arg>${account}[email]</arg>
<tag>PageContent</tag>
<tag>Setter</tag>
<doc>Clears and fills the given ``txt`` into the text field found by ``selector``.</doc>
<status status="PASS" start="2024-10-04T11:46:01.815825" elapsed="0.016251"/>
</kw>
<kw name="Fill Text" owner="Browser">
<msg time="2024-10-04T11:46:01.832916" level="INFO">Fills the text '$#%@#$%***' in the given field.</msg>
<arg>id=cpf</arg>
<arg>${account}[cpf]</arg>
<tag>PageContent</tag>
<tag>Setter</tag>
<doc>Clears and fills the given ``txt`` into the text field found by ``selector``.</doc>
<status status="PASS" start="2024-10-04T11:46:01.832356" elapsed="0.013927"/>
</kw>
<kw name="Click" owner="Browser">
<msg time="2024-10-04T11:46:01.847934" level="INFO">Clicks the element 'css=button &gt;&gt; text=Cadastrar'.</msg>
<arg>css=button &gt;&gt; text=Cadastrar</arg>
<tag>PageContent</tag>
<tag>Setter</tag>
<doc>Simulates mouse click on the element found by ``selector``.</doc>
<status status="PASS" start="2024-10-04T11:46:01.846951" elapsed="0.040746"/>
</kw>
<arg>${account}</arg>
<status status="PASS" start="2024-10-04T11:46:01.773561" elapsed="0.114348"/>
</kw>
<kw name="Notice should be" owner="BoxNotice">
<kw name="Set Variable" owner="BuiltIn">
<msg time="2024-10-04T11:46:01.888986" level="INFO">${element} = css=form .notice</msg>
<var>${element}</var>
<arg>css=form .notice</arg>
<doc>Returns the given values which can then be assigned to a variables.</doc>
<status status="PASS" start="2024-10-04T11:46:01.888749" elapsed="0.000278"/>
</kw>
<kw name="Wait For Elements State" owner="Browser">
<msg time="2024-10-04T11:46:02.205193" level="INFO">Waited for Element with selector css=form .notice at state visible</msg>
<arg>${element}</arg>
<arg>visible</arg>
<arg>5</arg>
<tag>PageContent</tag>
<tag>Wait</tag>
<doc>Waits for the element found by ``selector`` to satisfy state option.</doc>
<status status="PASS" start="2024-10-04T11:46:01.889214" elapsed="0.316322"/>
</kw>
<kw name="Get Text" owner="Browser">
<msg time="2024-10-04T11:46:02.224881" level="INFO">Text: 'Oops! O CPF informado é inválido'</msg>
<arg>css=form .notice</arg>
<arg>equal</arg>
<arg>${target}</arg>
<tag>Assertion</tag>
<tag>Getter</tag>
<tag>PageContent</tag>
<doc>Returns text attribute of the element found by ``selector``.</doc>
<status status="PASS" start="2024-10-04T11:46:02.205960" elapsed="0.019251"/>
</kw>
<arg>${output_message}</arg>
<status status="PASS" start="2024-10-04T11:46:01.888208" elapsed="0.337245"/>
</kw>
<arg>Edson</arg>
<arg>edson@xpto.com</arg>
<arg>$#%@#$%***</arg>
<arg>Oops! O CPF informado é inválido</arg>
<status status="PASS" start="2024-10-04T11:46:01.772100" elapsed="0.453460"/>
</kw>
<kw name="Take Screenshot" owner="Browser" type="TEARDOWN">
<msg time="2024-10-04T11:46:02.277600" level="INFO" html="true">&lt;/td&gt;&lt;/tr&gt;&lt;tr&gt;&lt;td colspan="3"&gt;&lt;a href="browser/screenshot/robotframework-browser-screenshot-22.png" target="_blank"&gt;&lt;img src="browser/screenshot/robotframework-browser-screenshot-22.png" width="800px"/&gt;&lt;/a&gt;</msg>
<tag>PageContent</tag>
<doc>Takes a screenshot of the current window or element and saves it to disk.</doc>
<status status="PASS" start="2024-10-04T11:46:02.226137" elapsed="0.051803"/>
</kw>
<status status="PASS" start="2024-10-04T11:45:54.008403" elapsed="8.269767"/>
</test>
<doc>Tests scenarios of client pre-register</doc>
<status status="PASS" start="2024-10-04T11:45:50.551323" elapsed="11.784341"/>
</suite>
<suite id="s1-s6" name="Slogan" source="/home/edson/workpace/course/robot-framework/qaX/smartbit/smartbit-apps/web/tests/slogan.robot">
<test id="s1-s6-t1" name="Should be show the Slogan in the Landing Page" line="7">
<kw name="New Browser" owner="Browser">
<msg time="2024-10-04T11:46:02.357671" level="INFO">Switching browser to browser=e3777a53-c7d1-429e-9720-036a094630ac</msg>
<msg time="2024-10-04T11:46:02.362395" level="INFO">Successfully changed active browser: browser=e3777a53-c7d1-429e-9720-036a094630ac</msg>
<msg time="2024-10-04T11:46:02.362632" level="INFO">Reusing existing browser with id: browser=e3777a53-c7d1-429e-9720-036a094630ac</msg>
<arg>browser=firefox</arg>
<arg>headless=False</arg>
<tag>BrowserControl</tag>
<tag>Setter</tag>
<doc>Create a new playwright Browser with specified options.</doc>
<status status="PASS" start="2024-10-04T11:46:02.356598" elapsed="0.006205"/>
</kw>
<kw name="New Page" owner="Browser">
<msg time="2024-10-04T11:46:03.202990" level="INFO">Successfully initialized new page object and opened url: http://localhost:3000/</msg>
<msg time="2024-10-04T11:46:03.203207" level="INFO">No context was open. New context was automatically opened when this page is created.</msg>
<arg>http://localhost:3000/</arg>
<tag>BrowserControl</tag>
<tag>Setter</tag>
<doc>Open a new Page.</doc>
<status status="PASS" start="2024-10-04T11:46:02.363477" elapsed="0.840106"/>
</kw>
<kw name="Get Text" owner="Browser">
<msg time="2024-10-04T11:46:03.288866" level="INFO">Text: 'Sua Jornada Fitness Começa aqui!'</msg>
<arg>css=.headline h2</arg>
<arg>equal</arg>
<arg>Sua Jornada Fitness Começa aqui!</arg>
<tag>Assertion</tag>
<tag>Getter</tag>
<tag>PageContent</tag>
<doc>Returns text attribute of the element found by ``selector``.</doc>
<status status="PASS" start="2024-10-04T11:46:03.204111" elapsed="0.084992"/>
</kw>
<status status="PASS" start="2024-10-04T11:46:02.351087" elapsed="0.938624"/>
</test>
<doc>Test to verify the SmartBit Slogan</doc>
<status status="PASS" start="2024-10-04T11:46:02.343452" elapsed="1.011543"/>
</suite>
<status status="PASS" start="2024-10-04T11:44:58.192754" elapsed="65.171594"/>
</suite>
<statistics>
<total>
<stat pass="18" fail="0" skip="0">All Tests</stat>
</total>
<tag>
<stat pass="1" fail="0" skip="0">remove</stat>
</tag>
<suite>
<stat pass="18" fail="0" skip="0" id="s1" name="Tests">Tests</stat>
<stat pass="1" fail="0" skip="0" id="s1-s1" name="Enrolls">Tests.Enrolls</stat>
<stat pass="4" fail="0" skip="0" id="s1-s2" name="Login">Tests.Login</stat>
<stat pass="4" fail="0" skip="0" id="s1-s3" name="Memberships">Tests.Memberships</stat>
<stat pass="6" fail="0" skip="0" id="s1-s4" name="Signup">Tests.Signup</stat>
<stat pass="2" fail="0" skip="0" id="s1-s5" name="Signup Template Test">Tests.Signup Template Test</stat>
<stat pass="1" fail="0" skip="0" id="s1-s6" name="Slogan">Tests.Slogan</stat>
</suite>
</statistics>
<errors>
<msg time="2024-10-04T11:44:58.205553" level="WARN">Error in file '/home/edson/workpace/course/robot-framework/qaX/smartbit/smartbit-apps/web/resources/Base.resource' on line 40: The '[Return]' setting is deprecated. Use the 'RETURN' statement instead.</msg>
</errors>
</robot>
