<?xml version="1.0" encoding="UTF-8"?>
<robot generator="Robot 7.1 (Python 3.10.12 on linux)" generated="2024-10-14T20:02:18.434341" rpa="false" schemaversion="5">
<suite id="s1" name="Login" source="/home/edson/workpace/course/robot-framework/qaX/smartbit/smartbit-apps/web/tests/login.robot">
<test id="s1-t1" name="Should be log in as a Gym Manager" line="11">
<kw name="Start session" owner="Base" type="SETUP">
<kw name="New Browser" owner="Browser">
<msg time="2024-10-14T20:02:18.971499" level="INFO">{"browser": "firefox", "headless": false, "chromiumSandbox": false, "devtools": false, "handleSIGHUP": true, "handleSIGINT": true, "handleSIGTERM": true, "slowMo": 0.0, "timeout": 30000.0, "tracesDir": "/home/edson/workpace/course/robot-framework/qaX/smartbit/smartbit-apps/web/logs/browser/traces/69e50886-5ed8-4741-ad9e-53ac28ca1a96"}</msg>
<msg time="2024-10-14T20:02:19.623279" level="INFO">Successfully created browser with options: {"browser":"firefox","headless":false,"chromiumSandbox":false,"devtools":false,"handleSIGHUP":true,"handleSIGINT":true,"handleSIGTERM":true,"slowMo":0,"timeout":30000,"tracesDir":"/home/edson/workpace/course/robot-framework/qaX/smartbit/smartbit-apps/web/logs/browser/traces/69e50886-5ed8-4741-ad9e-53ac28ca1a96"}</msg>
<arg>browser=${BROWSER}</arg>
<arg>headless=${HEADLESS}</arg>
<tag>BrowserControl</tag>
<tag>Setter</tag>
<doc>Create a new playwright Browser with specified options.</doc>
<status status="PASS" start="2024-10-14T20:02:18.970817" elapsed="0.652697"/>
</kw>
<kw name="New Page" owner="Browser">
<msg time="2024-10-14T20:02:21.385961" level="INFO">Successfully initialized new page object and opened url: http://localhost:3000</msg>
<msg time="2024-10-14T20:02:21.386145" level="INFO">No context was open. New context was automatically opened when this page is created.</msg>
<arg>${BASE_URL}</arg>
<tag>BrowserControl</tag>
<tag>Setter</tag>
<doc>Open a new Page.</doc>
<status status="PASS" start="2024-10-14T20:02:19.623844" elapsed="1.762575"/>
</kw>
<status status="PASS" start="2024-10-14T20:02:18.970293" elapsed="2.416396"/>
</kw>
<kw name="Go to Login pages" owner="Login">
<kw name="Go To" owner="Browser">
<msg time="2024-10-14T20:02:21.574921" level="INFO">Successfully opened URL http://localhost:3000/login</msg>
<arg>${BASE_URL}/login</arg>
<tag>BrowserControl</tag>
<tag>Setter</tag>
<doc>Navigates to the given ``url``.</doc>
<status status="PASS" start="2024-10-14T20:02:21.387753" elapsed="0.187495"/>
</kw>
<status status="PASS" start="2024-10-14T20:02:21.387257" elapsed="0.188222"/>
</kw>
<kw name="Submit login form" owner="Login">
<kw name="Fill Text" owner="Browser">
<msg time="2024-10-14T20:02:21.577588" level="INFO">Fills the text 'sac@smartbit.com' in the given field.</msg>
<arg>css=input[name=email]</arg>
<arg>${email}</arg>
<tag>PageContent</tag>
<tag>Setter</tag>
<doc>Clears and fills the given ``txt`` into the text field found by ``selector``.</doc>
<status status="PASS" start="2024-10-14T20:02:21.576842" elapsed="0.076444"/>
</kw>
<kw name="Fill Text" owner="Browser">
<msg time="2024-10-14T20:02:21.654161" level="INFO">Fills the text 'pwd123' in the given field.</msg>
<arg>css=input[placeholder='Sua Senha']</arg>
<arg>${password}</arg>
<tag>PageContent</tag>
<tag>Setter</tag>
<doc>Clears and fills the given ``txt`` into the text field found by ``selector``.</doc>
<status status="PASS" start="2024-10-14T20:02:21.653586" elapsed="0.021329"/>
</kw>
<kw name="Click" owner="Browser">
<msg time="2024-10-14T20:02:21.675736" level="INFO">Clicks the element 'css=button &gt;&gt; text=Entrar'.</msg>
<arg>css=button &gt;&gt; text=Entrar</arg>
<tag>PageContent</tag>
<tag>Setter</tag>
<doc>Simulates mouse click on the element found by ``selector``.</doc>
<status status="PASS" start="2024-10-14T20:02:21.675218" elapsed="0.060231"/>
</kw>
<arg>sac@smartbit.com</arg>
<arg>pwd123</arg>
<status status="PASS" start="2024-10-14T20:02:21.576266" elapsed="0.159667"/>
</kw>
<kw name="User is logged in" owner="Navbar">
<kw name="Set Variable" owner="BuiltIn">
<msg time="2024-10-14T20:02:21.738914" level="INFO">${element} = css=.logged-user</msg>
<var>${element}</var>
<arg>css=.logged-user</arg>
<doc>Returns the given values which can then be assigned to a variables.</doc>
<status status="PASS" start="2024-10-14T20:02:21.738183" elapsed="0.000881"/>
</kw>
<kw name="Wait For Elements State" owner="Browser">
<msg time="2024-10-14T20:02:23.085599" level="INFO">Waited for Element with selector css=.logged-user at state visible</msg>
<arg>${element}</arg>
<arg>visible</arg>
<arg>5</arg>
<tag>PageContent</tag>
<tag>Wait</tag>
<doc>Waits for the element found by ``selector`` to satisfy state option.</doc>
<status status="PASS" start="2024-10-14T20:02:21.739531" elapsed="1.346538"/>
</kw>
<kw name="Get Text" owner="Browser">
<msg time="2024-10-14T20:02:23.130816" level="INFO">Text: 'sac@smartbit.com'</msg>
<arg>${element}</arg>
<arg>equal</arg>
<arg>${email}</arg>
<tag>Assertion</tag>
<tag>Getter</tag>
<tag>PageContent</tag>
<doc>Returns text attribute of the element found by ``selector``.</doc>
<status status="PASS" start="2024-10-14T20:02:23.086650" elapsed="0.044300"/>
</kw>
<arg>sac@smartbit.com</arg>
<status status="PASS" start="2024-10-14T20:02:21.737086" elapsed="1.394024"/>
</kw>
<kw name="Take Screenshot" owner="Browser" type="TEARDOWN">
<msg time="2024-10-14T20:02:23.183593" level="INFO" html="true">&lt;/td&gt;&lt;/tr&gt;&lt;tr&gt;&lt;td colspan="3"&gt;&lt;a href="browser/screenshot/robotframework-browser-screenshot-1.png" target="_blank"&gt;&lt;img src="browser/screenshot/robotframework-browser-screenshot-1.png" width="800px"/&gt;&lt;/a&gt;</msg>
<tag>PageContent</tag>
<doc>Takes a screenshot of the current window or element and saves it to disk.</doc>
<status status="PASS" start="2024-10-14T20:02:23.131464" elapsed="0.052285"/>
</kw>
<status status="PASS" start="2024-10-14T20:02:18.967295" elapsed="4.216616"/>
</test>
<test id="s1-t2" name="Should not login as invalid password" line="16">
<kw name="Start session" owner="Base" type="SETUP">
<kw name="New Browser" owner="Browser">
<msg time="2024-10-14T20:02:23.239536" level="INFO">Switching browser to browser=46956293-574c-4026-9b4e-78ba303170dc</msg>
<msg time="2024-10-14T20:02:23.242740" level="INFO">Successfully changed active browser: browser=46956293-574c-4026-9b4e-78ba303170dc</msg>
<msg time="2024-10-14T20:02:23.243196" level="INFO">Reusing existing browser with id: browser=46956293-574c-4026-9b4e-78ba303170dc</msg>
<arg>browser=${BROWSER}</arg>
<arg>headless=${HEADLESS}</arg>
<tag>BrowserControl</tag>
<tag>Setter</tag>
<doc>Create a new playwright Browser with specified options.</doc>
<status status="PASS" start="2024-10-14T20:02:23.238738" elapsed="0.004704"/>
</kw>
<kw name="New Page" owner="Browser">
<msg time="2024-10-14T20:02:23.967099" level="INFO">Successfully initialized new page object and opened url: http://localhost:3000</msg>
<msg time="2024-10-14T20:02:23.967442" level="INFO">No context was open. New context was automatically opened when this page is created.</msg>
<arg>${BASE_URL}</arg>
<tag>BrowserControl</tag>
<tag>Setter</tag>
<doc>Open a new Page.</doc>
<status status="PASS" start="2024-10-14T20:02:23.243864" elapsed="0.724356"/>
</kw>
<status status="PASS" start="2024-10-14T20:02:23.238284" elapsed="0.730676"/>
</kw>
<kw name="Go to Login pages" owner="Login">
<kw name="Go To" owner="Browser">
<msg time="2024-10-14T20:02:24.137682" level="INFO">Successfully opened URL http://localhost:3000/login</msg>
<arg>${BASE_URL}/login</arg>
<tag>BrowserControl</tag>
<tag>Setter</tag>
<doc>Navigates to the given ``url``.</doc>
<status status="PASS" start="2024-10-14T20:02:23.971662" elapsed="0.166233"/>
</kw>
<status status="PASS" start="2024-10-14T20:02:23.970253" elapsed="0.167826"/>
</kw>
<kw name="Submit login form" owner="Login">
<kw name="Fill Text" owner="Browser">
<msg time="2024-10-14T20:02:24.139605" level="INFO">Fills the text 'sac@smartbit.com' in the given field.</msg>
<arg>css=input[name=email]</arg>
<arg>${email}</arg>
<tag>PageContent</tag>
<tag>Setter</tag>
<doc>Clears and fills the given ``txt`` into the text field found by ``selector``.</doc>
<status status="PASS" start="2024-10-14T20:02:24.138964" elapsed="0.053561"/>
</kw>
<kw name="Fill Text" owner="Browser">
<msg time="2024-10-14T20:02:24.193726" level="INFO">Fills the text 'abc123' in the given field.</msg>
<arg>css=input[placeholder='Sua Senha']</arg>
<arg>${password}</arg>
<tag>PageContent</tag>
<tag>Setter</tag>
<doc>Clears and fills the given ``txt`` into the text field found by ``selector``.</doc>
<status status="PASS" start="2024-10-14T20:02:24.192985" elapsed="0.016413"/>
</kw>
<kw name="Click" owner="Browser">
<msg time="2024-10-14T20:02:24.210249" level="INFO">Clicks the element 'css=button &gt;&gt; text=Entrar'.</msg>
<arg>css=button &gt;&gt; text=Entrar</arg>
<tag>PageContent</tag>
<tag>Setter</tag>
<doc>Simulates mouse click on the element found by ``selector``.</doc>
<status status="PASS" start="2024-10-14T20:02:24.209711" elapsed="0.050036"/>
</kw>
<arg>sac@smartbit.com</arg>
<arg>abc123</arg>
<status status="PASS" start="2024-10-14T20:02:24.138460" elapsed="0.121659"/>
</kw>
<kw name="Toast should be" owner="Toast">
<kw name="Set Variable" owner="BuiltIn">
<msg time="2024-10-14T20:02:24.261572" level="INFO">${selector} = .Toastify__toast-body</msg>
<var>${selector}</var>
<arg>.Toastify__toast-body</arg>
<doc>Returns the given values which can then be assigned to a variables.</doc>
<status status="PASS" start="2024-10-14T20:02:24.261206" elapsed="0.000458"/>
</kw>
<kw name="Wait For Elements State" owner="Browser">
<msg time="2024-10-14T20:02:25.603383" level="INFO">Waited for Element with selector css=.Toastify__toast-body at state visible</msg>
<arg>css=${selector}</arg>
<arg>visible</arg>
<arg>5</arg>
<tag>PageContent</tag>
<tag>Wait</tag>
<doc>Waits for the element found by ``selector`` to satisfy state option.</doc>
<status status="PASS" start="2024-10-14T20:02:24.262062" elapsed="1.341580"/>
</kw>
<kw name="Get Text" owner="Browser">
<msg time="2024-10-14T20:02:25.651159" level="INFO">Text: 'As credenciais de acesso fornecidas são inválidas. Tente novamente!'</msg>
<arg>css=${selector}</arg>
<arg>equal</arg>
<arg>${expected_text}</arg>
<tag>Assertion</tag>
<tag>Getter</tag>
<tag>PageContent</tag>
<doc>Returns text attribute of the element found by ``selector``.</doc>
<status status="PASS" start="2024-10-14T20:02:25.604025" elapsed="0.047305"/>
</kw>
<kw name="Take Screenshot" owner="Browser">
<msg time="2024-10-14T20:02:26.019244" level="INFO" html="true">&lt;/td&gt;&lt;/tr&gt;&lt;tr&gt;&lt;td colspan="3"&gt;&lt;a href="browser/screenshot/robotframework-browser-screenshot-2.png" target="_blank"&gt;&lt;img src="browser/screenshot/robotframework-browser-screenshot-2.png" width="800px"/&gt;&lt;/a&gt;</msg>
<arg>selector=${selector}</arg>
<tag>PageContent</tag>
<doc>Takes a screenshot of the current window or element and saves it to disk.</doc>
<status status="PASS" start="2024-10-14T20:02:25.651657" elapsed="0.367783"/>
</kw>
<arg>As credenciais de acesso fornecidas são inválidas. Tente novamente!</arg>
<status status="PASS" start="2024-10-14T20:02:24.260560" elapsed="1.759067"/>
</kw>
<kw name="Take Screenshot" owner="Browser" type="TEARDOWN">
<msg time="2024-10-14T20:02:26.063631" level="INFO" html="true">&lt;/td&gt;&lt;/tr&gt;&lt;tr&gt;&lt;td colspan="3"&gt;&lt;a href="browser/screenshot/robotframework-browser-screenshot-3.png" target="_blank"&gt;&lt;img src="browser/screenshot/robotframework-browser-screenshot-3.png" width="800px"/&gt;&lt;/a&gt;</msg>
<tag>PageContent</tag>
<doc>Takes a screenshot of the current window or element and saves it to disk.</doc>
<status status="PASS" start="2024-10-14T20:02:26.020172" elapsed="0.043641"/>
</kw>
<status status="PASS" start="2024-10-14T20:02:23.234465" elapsed="2.829520"/>
</test>
<test id="s1-t3" name="Should not login as invalid email" line="27">
<kw name="Start session" owner="Base" type="SETUP">
<kw name="New Browser" owner="Browser">
<msg time="2024-10-14T20:02:26.112498" level="INFO">Switching browser to browser=46956293-574c-4026-9b4e-78ba303170dc</msg>
<msg time="2024-10-14T20:02:26.115253" level="INFO">Successfully changed active browser: browser=46956293-574c-4026-9b4e-78ba303170dc</msg>
<msg time="2024-10-14T20:02:26.115465" level="INFO">Reusing existing browser with id: browser=46956293-574c-4026-9b4e-78ba303170dc</msg>
<arg>browser=${BROWSER}</arg>
<arg>headless=${HEADLESS}</arg>
<tag>BrowserControl</tag>
<tag>Setter</tag>
<doc>Create a new playwright Browser with specified options.</doc>
<status status="PASS" start="2024-10-14T20:02:26.111792" elapsed="0.003912"/>
</kw>
<kw name="New Page" owner="Browser">
<msg time="2024-10-14T20:02:26.850429" level="INFO">Successfully initialized new page object and opened url: http://localhost:3000</msg>
<msg time="2024-10-14T20:02:26.850577" level="INFO">No context was open. New context was automatically opened when this page is created.</msg>
<arg>${BASE_URL}</arg>
<tag>BrowserControl</tag>
<tag>Setter</tag>
<doc>Open a new Page.</doc>
<status status="PASS" start="2024-10-14T20:02:26.116321" elapsed="0.734453"/>
</kw>
<status status="PASS" start="2024-10-14T20:02:26.110790" elapsed="0.740677"/>
</kw>
<kw name="Go to Login pages" owner="Login">
<kw name="Go To" owner="Browser">
<msg time="2024-10-14T20:02:27.039294" level="INFO">Successfully opened URL http://localhost:3000/login</msg>
<arg>${BASE_URL}/login</arg>
<tag>BrowserControl</tag>
<tag>Setter</tag>
<doc>Navigates to the given ``url``.</doc>
<status status="PASS" start="2024-10-14T20:02:26.852854" elapsed="0.186609"/>
</kw>
<status status="PASS" start="2024-10-14T20:02:26.852109" elapsed="0.187502"/>
</kw>
<kw name="Submit login form" owner="Login">
<kw name="Fill Text" owner="Browser">
<msg time="2024-10-14T20:02:27.041021" level="INFO">Fills the text '404@smartbit.com' in the given field.</msg>
<arg>css=input[name=email]</arg>
<arg>${email}</arg>
<tag>PageContent</tag>
<tag>Setter</tag>
<doc>Clears and fills the given ``txt`` into the text field found by ``selector``.</doc>
<status status="PASS" start="2024-10-14T20:02:27.040288" elapsed="0.058235"/>
</kw>
<kw name="Fill Text" owner="Browser">
<msg time="2024-10-14T20:02:27.099314" level="INFO">Fills the text 'abc123' in the given field.</msg>
<arg>css=input[placeholder='Sua Senha']</arg>
<arg>${password}</arg>
<tag>PageContent</tag>
<tag>Setter</tag>
<doc>Clears and fills the given ``txt`` into the text field found by ``selector``.</doc>
<status status="PASS" start="2024-10-14T20:02:27.098801" elapsed="0.013053"/>
</kw>
<kw name="Click" owner="Browser">
<msg time="2024-10-14T20:02:27.112965" level="INFO">Clicks the element 'css=button &gt;&gt; text=Entrar'.</msg>
<arg>css=button &gt;&gt; text=Entrar</arg>
<tag>PageContent</tag>
<tag>Setter</tag>
<doc>Simulates mouse click on the element found by ``selector``.</doc>
<status status="PASS" start="2024-10-14T20:02:27.112277" elapsed="0.051309"/>
</kw>
<arg>404@smartbit.com</arg>
<arg>abc123</arg>
<status status="PASS" start="2024-10-14T20:02:27.039905" elapsed="0.123916"/>
</kw>
<kw name="Toast should be" owner="Toast">
<kw name="Set Variable" owner="BuiltIn">
<msg time="2024-10-14T20:02:27.165049" level="INFO">${selector} = .Toastify__toast-body</msg>
<var>${selector}</var>
<arg>.Toastify__toast-body</arg>
<doc>Returns the given values which can then be assigned to a variables.</doc>
<status status="PASS" start="2024-10-14T20:02:27.164796" elapsed="0.000310"/>
</kw>
<kw name="Wait For Elements State" owner="Browser">
<msg time="2024-10-14T20:02:28.501102" level="INFO">Waited for Element with selector css=.Toastify__toast-body at state visible</msg>
<arg>css=${selector}</arg>
<arg>visible</arg>
<arg>5</arg>
<tag>PageContent</tag>
<tag>Wait</tag>
<doc>Waits for the element found by ``selector`` to satisfy state option.</doc>
<status status="PASS" start="2024-10-14T20:02:27.165334" elapsed="1.336024"/>
</kw>
<kw name="Get Text" owner="Browser">
<msg time="2024-10-14T20:02:28.549912" level="INFO">Text: 'As credenciais de acesso fornecidas são inválidas. Tente novamente!'</msg>
<arg>css=${selector}</arg>
<arg>equal</arg>
<arg>${expected_text}</arg>
<tag>Assertion</tag>
<tag>Getter</tag>
<tag>PageContent</tag>
<doc>Returns text attribute of the element found by ``selector``.</doc>
<status status="PASS" start="2024-10-14T20:02:28.501732" elapsed="0.048329"/>
</kw>
<kw name="Take Screenshot" owner="Browser">
<msg time="2024-10-14T20:02:29.432576" level="INFO" html="true">&lt;/td&gt;&lt;/tr&gt;&lt;tr&gt;&lt;td colspan="3"&gt;&lt;a href="browser/screenshot/robotframework-browser-screenshot-4.png" target="_blank"&gt;&lt;img src="browser/screenshot/robotframework-browser-screenshot-4.png" width="800px"/&gt;&lt;/a&gt;</msg>
<arg>selector=${selector}</arg>
<tag>PageContent</tag>
<doc>Takes a screenshot of the current window or element and saves it to disk.</doc>
<status status="PASS" start="2024-10-14T20:02:28.550411" elapsed="0.882298"/>
</kw>
<arg>As credenciais de acesso fornecidas são inválidas. Tente novamente!</arg>
<status status="PASS" start="2024-10-14T20:02:27.164251" elapsed="2.268567"/>
</kw>
<kw name="Take Screenshot" owner="Browser" type="TEARDOWN">
<msg time="2024-10-14T20:02:29.479268" level="INFO" html="true">&lt;/td&gt;&lt;/tr&gt;&lt;tr&gt;&lt;td colspan="3"&gt;&lt;a href="browser/screenshot/robotframework-browser-screenshot-5.png" target="_blank"&gt;&lt;img src="browser/screenshot/robotframework-browser-screenshot-5.png" width="800px"/&gt;&lt;/a&gt;</msg>
<tag>PageContent</tag>
<doc>Takes a screenshot of the current window or element and saves it to disk.</doc>
<status status="PASS" start="2024-10-14T20:02:29.433147" elapsed="0.046327"/>
</kw>
<status status="PASS" start="2024-10-14T20:02:26.107447" elapsed="3.372293"/>
</test>
<test id="s1-t4" name="Try invalid login" line="38">
<kw name="Start session" owner="Base" type="SETUP">
<kw name="New Browser" owner="Browser">
<msg time="2024-10-14T20:02:29.532282" level="INFO">Switching browser to browser=46956293-574c-4026-9b4e-78ba303170dc</msg>
<msg time="2024-10-14T20:02:29.536785" level="INFO">Successfully changed active browser: browser=46956293-574c-4026-9b4e-78ba303170dc</msg>
<msg time="2024-10-14T20:02:29.537077" level="INFO">Reusing existing browser with id: browser=46956293-574c-4026-9b4e-78ba303170dc</msg>
<arg>browser=${BROWSER}</arg>
<arg>headless=${HEADLESS}</arg>
<tag>BrowserControl</tag>
<tag>Setter</tag>
<doc>Create a new playwright Browser with specified options.</doc>
<status status="PASS" start="2024-10-14T20:02:29.531425" elapsed="0.005859"/>
</kw>
<kw name="New Page" owner="Browser">
<msg time="2024-10-14T20:02:30.251119" level="INFO">Successfully initialized new page object and opened url: http://localhost:3000</msg>
<msg time="2024-10-14T20:02:30.251260" level="INFO">No context was open. New context was automatically opened when this page is created.</msg>
<arg>${BASE_URL}</arg>
<tag>BrowserControl</tag>
<tag>Setter</tag>
<doc>Open a new Page.</doc>
<status status="PASS" start="2024-10-14T20:02:29.537886" elapsed="0.713592"/>
</kw>
<status status="PASS" start="2024-10-14T20:02:29.531026" elapsed="0.720754"/>
</kw>
<kw name="Login verify notice">
<kw name="Go to Login pages" owner="Login">
<kw name="Go To" owner="Browser">
<msg time="2024-10-14T20:02:30.417239" level="INFO">Successfully opened URL http://localhost:3000/login</msg>
<arg>${BASE_URL}/login</arg>
<tag>BrowserControl</tag>
<tag>Setter</tag>
<doc>Navigates to the given ``url``.</doc>
<status status="PASS" start="2024-10-14T20:02:30.255041" elapsed="0.162501"/>
</kw>
<status status="PASS" start="2024-10-14T20:02:30.254648" elapsed="0.163092"/>
</kw>
<kw name="Submit login form" owner="Login">
<kw name="Fill Text" owner="Browser">
<msg time="2024-10-14T20:02:30.419812" level="INFO">Fills the text '' in the given field.</msg>
<arg>css=input[name=email]</arg>
<arg>${email}</arg>
<tag>PageContent</tag>
<tag>Setter</tag>
<doc>Clears and fills the given ``txt`` into the text field found by ``selector``.</doc>
<status status="PASS" start="2024-10-14T20:02:30.419197" elapsed="0.050608"/>
</kw>
<kw name="Fill Text" owner="Browser">
<msg time="2024-10-14T20:02:30.470738" level="INFO">Fills the text '' in the given field.</msg>
<arg>css=input[placeholder='Sua Senha']</arg>
<arg>${password}</arg>
<tag>PageContent</tag>
<tag>Setter</tag>
<doc>Clears and fills the given ``txt`` into the text field found by ``selector``.</doc>
<status status="PASS" start="2024-10-14T20:02:30.470144" elapsed="0.017188"/>
</kw>
<kw name="Click" owner="Browser">
<msg time="2024-10-14T20:02:30.488282" level="INFO">Clicks the element 'css=button &gt;&gt; text=Entrar'.</msg>
<arg>css=button &gt;&gt; text=Entrar</arg>
<tag>PageContent</tag>
<tag>Setter</tag>
<doc>Simulates mouse click on the element found by ``selector``.</doc>
<status status="PASS" start="2024-10-14T20:02:30.487693" elapsed="0.046781"/>
</kw>
<arg>${email}</arg>
<arg>${password}</arg>
<status status="PASS" start="2024-10-14T20:02:30.418231" elapsed="0.116501"/>
</kw>
<kw name="Notice should be" owner="BoxNotice">
<kw name="Set Variable" owner="BuiltIn">
<msg time="2024-10-14T20:02:30.536334" level="INFO">${element} = css=form .notice</msg>
<var>${element}</var>
<arg>css=form .notice</arg>
<doc>Returns the given values which can then be assigned to a variables.</doc>
<status status="PASS" start="2024-10-14T20:02:30.536079" elapsed="0.000339"/>
</kw>
<kw name="Wait For Elements State" owner="Browser">
<msg time="2024-10-14T20:02:30.850342" level="INFO">Waited for Element with selector css=form .notice at state visible</msg>
<arg>${element}</arg>
<arg>visible</arg>
<arg>5</arg>
<tag>PageContent</tag>
<tag>Wait</tag>
<doc>Waits for the element found by ``selector`` to satisfy state option.</doc>
<status status="PASS" start="2024-10-14T20:02:30.536579" elapsed="0.314246"/>
</kw>
<kw name="Get Text" owner="Browser">
<msg time="2024-10-14T20:02:30.887503" level="INFO">Text: 'Os campos email e senha são obrigatórios.'</msg>
<arg>css=form .notice</arg>
<arg>equal</arg>
<arg>${target}</arg>
<tag>Assertion</tag>
<tag>Getter</tag>
<tag>PageContent</tag>
<doc>Returns text attribute of the element found by ``selector``.</doc>
<status status="PASS" start="2024-10-14T20:02:30.851397" elapsed="0.036271"/>
</kw>
<arg>${output_message}</arg>
<status status="PASS" start="2024-10-14T20:02:30.535141" elapsed="0.352688"/>
</kw>
<arg>${EMPTY}</arg>
<arg>${EMPTY}</arg>
<arg>Os campos email e senha são obrigatórios.</arg>
<status status="PASS" start="2024-10-14T20:02:30.252616" elapsed="0.635298"/>
</kw>
<kw name="Login verify notice">
<kw name="Go to Login pages" owner="Login">
<kw name="Go To" owner="Browser">
<msg time="2024-10-14T20:02:31.039164" level="INFO">Successfully opened URL http://localhost:3000/login</msg>
<arg>${BASE_URL}/login</arg>
<tag>BrowserControl</tag>
<tag>Setter</tag>
<doc>Navigates to the given ``url``.</doc>
<status status="PASS" start="2024-10-14T20:02:30.889316" elapsed="0.150083"/>
</kw>
<status status="PASS" start="2024-10-14T20:02:30.889012" elapsed="0.150566"/>
</kw>
<kw name="Submit login form" owner="Login">
<kw name="Fill Text" owner="Browser">
<msg time="2024-10-14T20:02:31.041155" level="INFO">Fills the text '' in the given field.</msg>
<arg>css=input[name=email]</arg>
<arg>${email}</arg>
<tag>PageContent</tag>
<tag>Setter</tag>
<doc>Clears and fills the given ``txt`` into the text field found by ``selector``.</doc>
<status status="PASS" start="2024-10-14T20:02:31.040521" elapsed="0.050900"/>
</kw>
<kw name="Fill Text" owner="Browser">
<msg time="2024-10-14T20:02:31.092550" level="INFO">Fills the text 'pwd123' in the given field.</msg>
<arg>css=input[placeholder='Sua Senha']</arg>
<arg>${password}</arg>
<tag>PageContent</tag>
<tag>Setter</tag>
<doc>Clears and fills the given ``txt`` into the text field found by ``selector``.</doc>
<status status="PASS" start="2024-10-14T20:02:31.091828" elapsed="0.014655"/>
</kw>
<kw name="Click" owner="Browser">
<msg time="2024-10-14T20:02:31.107407" level="INFO">Clicks the element 'css=button &gt;&gt; text=Entrar'.</msg>
<arg>css=button &gt;&gt; text=Entrar</arg>
<tag>PageContent</tag>
<tag>Setter</tag>
<doc>Simulates mouse click on the element found by ``selector``.</doc>
<status status="PASS" start="2024-10-14T20:02:31.106829" elapsed="0.062109"/>
</kw>
<arg>${email}</arg>
<arg>${password}</arg>
<status status="PASS" start="2024-10-14T20:02:31.039912" elapsed="0.129242"/>
</kw>
<kw name="Notice should be" owner="BoxNotice">
<kw name="Set Variable" owner="BuiltIn">
<msg time="2024-10-14T20:02:31.170305" level="INFO">${element} = css=form .notice</msg>
<var>${element}</var>
<arg>css=form .notice</arg>
<doc>Returns the given values which can then be assigned to a variables.</doc>
<status status="PASS" start="2024-10-14T20:02:31.170081" elapsed="0.000265"/>
</kw>
<kw name="Wait For Elements State" owner="Browser">
<msg time="2024-10-14T20:02:31.484360" level="INFO">Waited for Element with selector css=form .notice at state visible</msg>
<arg>${element}</arg>
<arg>visible</arg>
<arg>5</arg>
<tag>PageContent</tag>
<tag>Wait</tag>
<doc>Waits for the element found by ``selector`` to satisfy state option.</doc>
<status status="PASS" start="2024-10-14T20:02:31.170520" elapsed="0.314060"/>
</kw>
<kw name="Get Text" owner="Browser">
<msg time="2024-10-14T20:02:31.548544" level="INFO">Text: 'Os campos email e senha são obrigatórios.'</msg>
<arg>css=form .notice</arg>
<arg>equal</arg>
<arg>${target}</arg>
<tag>Assertion</tag>
<tag>Getter</tag>
<tag>PageContent</tag>
<doc>Returns text attribute of the element found by ``selector``.</doc>
<status status="PASS" start="2024-10-14T20:02:31.484919" elapsed="0.063832"/>
</kw>
<arg>${output_message}</arg>
<status status="PASS" start="2024-10-14T20:02:31.169558" elapsed="0.379390"/>
</kw>
<arg>${EMPTY}</arg>
<arg>pwd123</arg>
<arg>Os campos email e senha são obrigatórios.</arg>
<status status="PASS" start="2024-10-14T20:02:30.888219" elapsed="0.660852"/>
</kw>
<kw name="Login verify notice">
<kw name="Go to Login pages" owner="Login">
<kw name="Go To" owner="Browser">
<msg time="2024-10-14T20:02:31.698624" level="INFO">Successfully opened URL http://localhost:3000/login</msg>
<arg>${BASE_URL}/login</arg>
<tag>BrowserControl</tag>
<tag>Setter</tag>
<doc>Navigates to the given ``url``.</doc>
<status status="PASS" start="2024-10-14T20:02:31.550693" elapsed="0.148179"/>
</kw>
<status status="PASS" start="2024-10-14T20:02:31.550393" elapsed="0.148719"/>
</kw>
<kw name="Submit login form" owner="Login">
<kw name="Fill Text" owner="Browser">
<msg time="2024-10-14T20:02:31.701646" level="INFO">Fills the text 'sac@smartbit.com' in the given field.</msg>
<arg>css=input[name=email]</arg>
<arg>${email}</arg>
<tag>PageContent</tag>
<tag>Setter</tag>
<doc>Clears and fills the given ``txt`` into the text field found by ``selector``.</doc>
<status status="PASS" start="2024-10-14T20:02:31.700380" elapsed="0.055003"/>
</kw>
<kw name="Fill Text" owner="Browser">
<msg time="2024-10-14T20:02:31.756309" level="INFO">Fills the text '' in the given field.</msg>
<arg>css=input[placeholder='Sua Senha']</arg>
<arg>${password}</arg>
<tag>PageContent</tag>
<tag>Setter</tag>
<doc>Clears and fills the given ``txt`` into the text field found by ``selector``.</doc>
<status status="PASS" start="2024-10-14T20:02:31.755687" elapsed="0.017769"/>
</kw>
<kw name="Click" owner="Browser">
<msg time="2024-10-14T20:02:31.774435" level="INFO">Clicks the element 'css=button &gt;&gt; text=Entrar'.</msg>
<arg>css=button &gt;&gt; text=Entrar</arg>
<tag>PageContent</tag>
<tag>Setter</tag>
<doc>Simulates mouse click on the element found by ``selector``.</doc>
<status status="PASS" start="2024-10-14T20:02:31.773833" elapsed="0.063983"/>
</kw>
<arg>${email}</arg>
<arg>${password}</arg>
<status status="PASS" start="2024-10-14T20:02:31.699500" elapsed="0.138476"/>
</kw>
<kw name="Notice should be" owner="BoxNotice">
<kw name="Set Variable" owner="BuiltIn">
<msg time="2024-10-14T20:02:31.838794" level="INFO">${element} = css=form .notice</msg>
<var>${element}</var>
<arg>css=form .notice</arg>
<doc>Returns the given values which can then be assigned to a variables.</doc>
<status status="PASS" start="2024-10-14T20:02:31.838651" elapsed="0.000166"/>
</kw>
<kw name="Wait For Elements State" owner="Browser">
<msg time="2024-10-14T20:02:32.153450" level="INFO">Waited for Element with selector css=form .notice at state visible</msg>
<arg>${element}</arg>
<arg>visible</arg>
<arg>5</arg>
<tag>PageContent</tag>
<tag>Wait</tag>
<doc>Waits for the element found by ``selector`` to satisfy state option.</doc>
<status status="PASS" start="2024-10-14T20:02:31.838931" elapsed="0.314813"/>
</kw>
<kw name="Get Text" owner="Browser">
<msg time="2024-10-14T20:02:32.198149" level="INFO">Text: 'Os campos email e senha são obrigatórios.'</msg>
<arg>css=form .notice</arg>
<arg>equal</arg>
<arg>${target}</arg>
<tag>Assertion</tag>
<tag>Getter</tag>
<tag>PageContent</tag>
<doc>Returns text attribute of the element found by ``selector``.</doc>
<status status="PASS" start="2024-10-14T20:02:32.154201" elapsed="0.044116"/>
</kw>
<arg>${output_message}</arg>
<status status="PASS" start="2024-10-14T20:02:31.838251" elapsed="0.360275"/>
</kw>
<arg>sac@smartbit.com</arg>
<arg>${EMPTY}</arg>
<arg>Os campos email e senha são obrigatórios.</arg>
<status status="PASS" start="2024-10-14T20:02:31.549422" elapsed="0.649199"/>
</kw>
<kw name="Login verify notice">
<kw name="Go to Login pages" owner="Login">
<kw name="Go To" owner="Browser">
<msg time="2024-10-14T20:02:32.305541" level="INFO">Successfully opened URL http://localhost:3000/login</msg>
<arg>${BASE_URL}/login</arg>
<tag>BrowserControl</tag>
<tag>Setter</tag>
<doc>Navigates to the given ``url``.</doc>
<status status="PASS" start="2024-10-14T20:02:32.199822" elapsed="0.105896"/>
</kw>
<status status="PASS" start="2024-10-14T20:02:32.199507" elapsed="0.106340"/>
</kw>
<kw name="Submit login form" owner="Login">
<kw name="Fill Text" owner="Browser">
<msg time="2024-10-14T20:02:32.306990" level="INFO">Fills the text 'www.smartbit.com' in the given field.</msg>
<arg>css=input[name=email]</arg>
<arg>${email}</arg>
<tag>PageContent</tag>
<tag>Setter</tag>
<doc>Clears and fills the given ``txt`` into the text field found by ``selector``.</doc>
<status status="PASS" start="2024-10-14T20:02:32.306526" elapsed="0.054179"/>
</kw>
<kw name="Fill Text" owner="Browser">
<msg time="2024-10-14T20:02:32.361551" level="INFO">Fills the text 'pwd123' in the given field.</msg>
<arg>css=input[placeholder='Sua Senha']</arg>
<arg>${password}</arg>
<tag>PageContent</tag>
<tag>Setter</tag>
<doc>Clears and fills the given ``txt`` into the text field found by ``selector``.</doc>
<status status="PASS" start="2024-10-14T20:02:32.361018" elapsed="0.015803"/>
</kw>
<kw name="Click" owner="Browser">
<msg time="2024-10-14T20:02:32.377547" level="INFO">Clicks the element 'css=button &gt;&gt; text=Entrar'.</msg>
<arg>css=button &gt;&gt; text=Entrar</arg>
<tag>PageContent</tag>
<tag>Setter</tag>
<doc>Simulates mouse click on the element found by ``selector``.</doc>
<status status="PASS" start="2024-10-14T20:02:32.377121" elapsed="0.062687"/>
</kw>
<arg>${email}</arg>
<arg>${password}</arg>
<status status="PASS" start="2024-10-14T20:02:32.306093" elapsed="0.134249"/>
</kw>
<kw name="Notice should be" owner="BoxNotice">
<kw name="Set Variable" owner="BuiltIn">
<msg time="2024-10-14T20:02:32.442184" level="INFO">${element} = css=form .notice</msg>
<var>${element}</var>
<arg>css=form .notice</arg>
<doc>Returns the given values which can then be assigned to a variables.</doc>
<status status="PASS" start="2024-10-14T20:02:32.441949" elapsed="0.000277"/>
</kw>
<kw name="Wait For Elements State" owner="Browser">
<msg time="2024-10-14T20:02:32.752541" level="INFO">Waited for Element with selector css=form .notice at state visible</msg>
<arg>${element}</arg>
<arg>visible</arg>
<arg>5</arg>
<tag>PageContent</tag>
<tag>Wait</tag>
<doc>Waits for the element found by ``selector`` to satisfy state option.</doc>
<status status="PASS" start="2024-10-14T20:02:32.442421" elapsed="0.310323"/>
</kw>
<kw name="Get Text" owner="Browser">
<msg time="2024-10-14T20:02:32.786979" level="INFO">Text: 'Oops! O email informado é inválido'</msg>
<arg>css=form .notice</arg>
<arg>equal</arg>
<arg>${target}</arg>
<tag>Assertion</tag>
<tag>Getter</tag>
<tag>PageContent</tag>
<doc>Returns text attribute of the element found by ``selector``.</doc>
<status status="PASS" start="2024-10-14T20:02:32.753030" elapsed="0.034110"/>
</kw>
<arg>${output_message}</arg>
<status status="PASS" start="2024-10-14T20:02:32.441094" elapsed="0.346264"/>
</kw>
<arg>www.smartbit.com</arg>
<arg>pwd123</arg>
<arg>Oops! O email informado é inválido</arg>
<status status="PASS" start="2024-10-14T20:02:32.198968" elapsed="0.588472"/>
</kw>
<kw name="Login verify notice">
<kw name="Go to Login pages" owner="Login">
<kw name="Go To" owner="Browser">
<msg time="2024-10-14T20:02:32.890370" level="INFO">Successfully opened URL http://localhost:3000/login</msg>
<arg>${BASE_URL}/login</arg>
<tag>BrowserControl</tag>
<tag>Setter</tag>
<doc>Navigates to the given ``url``.</doc>
<status status="PASS" start="2024-10-14T20:02:32.788337" elapsed="0.102247"/>
</kw>
<status status="PASS" start="2024-10-14T20:02:32.788075" elapsed="0.102660"/>
</kw>
<kw name="Submit login form" owner="Login">
<kw name="Fill Text" owner="Browser">
<msg time="2024-10-14T20:02:32.892008" level="INFO">Fills the text 'sac&amp;smartbit.com' in the given field.</msg>
<arg>css=input[name=email]</arg>
<arg>${email}</arg>
<tag>PageContent</tag>
<tag>Setter</tag>
<doc>Clears and fills the given ``txt`` into the text field found by ``selector``.</doc>
<status status="PASS" start="2024-10-14T20:02:32.891463" elapsed="0.049027"/>
</kw>
<kw name="Fill Text" owner="Browser">
<msg time="2024-10-14T20:02:32.941346" level="INFO">Fills the text 'pwd123' in the given field.</msg>
<arg>css=input[placeholder='Sua Senha']</arg>
<arg>${password}</arg>
<tag>PageContent</tag>
<tag>Setter</tag>
<doc>Clears and fills the given ``txt`` into the text field found by ``selector``.</doc>
<status status="PASS" start="2024-10-14T20:02:32.940774" elapsed="0.013758"/>
</kw>
<kw name="Click" owner="Browser">
<msg time="2024-10-14T20:02:32.955331" level="INFO">Clicks the element 'css=button &gt;&gt; text=Entrar'.</msg>
<arg>css=button &gt;&gt; text=Entrar</arg>
<tag>PageContent</tag>
<tag>Setter</tag>
<doc>Simulates mouse click on the element found by ``selector``.</doc>
<status status="PASS" start="2024-10-14T20:02:32.954852" elapsed="0.053176"/>
</kw>
<arg>${email}</arg>
<arg>${password}</arg>
<status status="PASS" start="2024-10-14T20:02:32.891016" elapsed="0.117196"/>
</kw>
<kw name="Notice should be" owner="BoxNotice">
<kw name="Set Variable" owner="BuiltIn">
<msg time="2024-10-14T20:02:33.009910" level="INFO">${element} = css=form .notice</msg>
<var>${element}</var>
<arg>css=form .notice</arg>
<doc>Returns the given values which can then be assigned to a variables.</doc>
<status status="PASS" start="2024-10-14T20:02:33.009444" elapsed="0.000538"/>
</kw>
<kw name="Wait For Elements State" owner="Browser">
<msg time="2024-10-14T20:02:33.327548" level="INFO">Waited for Element with selector css=form .notice at state visible</msg>
<arg>${element}</arg>
<arg>visible</arg>
<arg>5</arg>
<tag>PageContent</tag>
<tag>Wait</tag>
<doc>Waits for the element found by ``selector`` to satisfy state option.</doc>
<status status="PASS" start="2024-10-14T20:02:33.010217" elapsed="0.317569"/>
</kw>
<kw name="Get Text" owner="Browser">
<msg time="2024-10-14T20:02:33.369726" level="INFO">Text: 'Oops! O email informado é inválido'</msg>
<arg>css=form .notice</arg>
<arg>equal</arg>
<arg>${target}</arg>
<tag>Assertion</tag>
<tag>Getter</tag>
<tag>PageContent</tag>
<doc>Returns text attribute of the element found by ``selector``.</doc>
<status status="PASS" start="2024-10-14T20:02:33.328156" elapsed="0.041687"/>
</kw>
<arg>${output_message}</arg>
<status status="PASS" start="2024-10-14T20:02:33.008542" elapsed="0.361422"/>
</kw>
<arg>sac&amp;smartbit.com</arg>
<arg>pwd123</arg>
<arg>Oops! O email informado é inválido</arg>
<status status="PASS" start="2024-10-14T20:02:32.787702" elapsed="0.582331"/>
</kw>
<kw name="Login verify notice">
<kw name="Go to Login pages" owner="Login">
<kw name="Go To" owner="Browser">
<msg time="2024-10-14T20:02:33.472652" level="INFO">Successfully opened URL http://localhost:3000/login</msg>
<arg>${BASE_URL}/login</arg>
<tag>BrowserControl</tag>
<tag>Setter</tag>
<doc>Navigates to the given ``url``.</doc>
<status status="PASS" start="2024-10-14T20:02:33.370856" elapsed="0.101973"/>
</kw>
<status status="PASS" start="2024-10-14T20:02:33.370655" elapsed="0.102316"/>
</kw>
<kw name="Submit login form" owner="Login">
<kw name="Fill Text" owner="Browser">
<msg time="2024-10-14T20:02:33.474133" level="INFO">Fills the text 'asdfghjkgjhkghjk' in the given field.</msg>
<arg>css=input[name=email]</arg>
<arg>${email}</arg>
<tag>PageContent</tag>
<tag>Setter</tag>
<doc>Clears and fills the given ``txt`` into the text field found by ``selector``.</doc>
<status status="PASS" start="2024-10-14T20:02:33.473595" elapsed="0.059657"/>
</kw>
<kw name="Fill Text" owner="Browser">
<msg time="2024-10-14T20:02:33.534529" level="INFO">Fills the text 'pwd123' in the given field.</msg>
<arg>css=input[placeholder='Sua Senha']</arg>
<arg>${password}</arg>
<tag>PageContent</tag>
<tag>Setter</tag>
<doc>Clears and fills the given ``txt`` into the text field found by ``selector``.</doc>
<status status="PASS" start="2024-10-14T20:02:33.533561" elapsed="0.014286"/>
</kw>
<kw name="Click" owner="Browser">
<msg time="2024-10-14T20:02:33.548604" level="INFO">Clicks the element 'css=button &gt;&gt; text=Entrar'.</msg>
<arg>css=button &gt;&gt; text=Entrar</arg>
<tag>PageContent</tag>
<tag>Setter</tag>
<doc>Simulates mouse click on the element found by ``selector``.</doc>
<status status="PASS" start="2024-10-14T20:02:33.548121" elapsed="0.055026"/>
</kw>
<arg>${email}</arg>
<arg>${password}</arg>
<status status="PASS" start="2024-10-14T20:02:33.473212" elapsed="0.130464"/>
</kw>
<kw name="Notice should be" owner="BoxNotice">
<kw name="Set Variable" owner="BuiltIn">
<msg time="2024-10-14T20:02:33.604895" level="INFO">${element} = css=form .notice</msg>
<var>${element}</var>
<arg>css=form .notice</arg>
<doc>Returns the given values which can then be assigned to a variables.</doc>
<status status="PASS" start="2024-10-14T20:02:33.604686" elapsed="0.000248"/>
</kw>
<kw name="Wait For Elements State" owner="Browser">
<msg time="2024-10-14T20:02:33.916154" level="INFO">Waited for Element with selector css=form .notice at state visible</msg>
<arg>${element}</arg>
<arg>visible</arg>
<arg>5</arg>
<tag>PageContent</tag>
<tag>Wait</tag>
<doc>Waits for the element found by ``selector`` to satisfy state option.</doc>
<status status="PASS" start="2024-10-14T20:02:33.605136" elapsed="0.311303"/>
</kw>
<kw name="Get Text" owner="Browser">
<msg time="2024-10-14T20:02:33.958851" level="INFO">Text: 'Oops! O email informado é inválido'</msg>
<arg>css=form .notice</arg>
<arg>equal</arg>
<arg>${target}</arg>
<tag>Assertion</tag>
<tag>Getter</tag>
<tag>PageContent</tag>
<doc>Returns text attribute of the element found by ``selector``.</doc>
<status status="PASS" start="2024-10-14T20:02:33.916864" elapsed="0.042345"/>
</kw>
<arg>${output_message}</arg>
<status status="PASS" start="2024-10-14T20:02:33.604208" elapsed="0.355242"/>
</kw>
<arg>asdfghjkgjhkghjk</arg>
<arg>pwd123</arg>
<arg>Oops! O email informado é inválido</arg>
<status status="PASS" start="2024-10-14T20:02:33.370307" elapsed="0.589228"/>
</kw>
<kw name="Login verify notice">
<kw name="Go to Login pages" owner="Login">
<kw name="Go To" owner="Browser">
<msg time="2024-10-14T20:02:34.089120" level="INFO">Successfully opened URL http://localhost:3000/login</msg>
<arg>${BASE_URL}/login</arg>
<tag>BrowserControl</tag>
<tag>Setter</tag>
<doc>Navigates to the given ``url``.</doc>
<status status="PASS" start="2024-10-14T20:02:33.960717" elapsed="0.128604"/>
</kw>
<status status="PASS" start="2024-10-14T20:02:33.960417" elapsed="0.129057"/>
</kw>
<kw name="Submit login form" owner="Login">
<kw name="Fill Text" owner="Browser">
<msg time="2024-10-14T20:02:34.090817" level="INFO">Fills the text '!@#$!@##@%$#$%$¨' in the given field.</msg>
<arg>css=input[name=email]</arg>
<arg>${email}</arg>
<tag>PageContent</tag>
<tag>Setter</tag>
<doc>Clears and fills the given ``txt`` into the text field found by ``selector``.</doc>
<status status="PASS" start="2024-10-14T20:02:34.090346" elapsed="0.046576"/>
</kw>
<kw name="Fill Text" owner="Browser">
<msg time="2024-10-14T20:02:34.137699" level="INFO">Fills the text 'pwd123' in the given field.</msg>
<arg>css=input[placeholder='Sua Senha']</arg>
<arg>${password}</arg>
<tag>PageContent</tag>
<tag>Setter</tag>
<doc>Clears and fills the given ``txt`` into the text field found by ``selector``.</doc>
<status status="PASS" start="2024-10-14T20:02:34.137252" elapsed="0.012536"/>
</kw>
<kw name="Click" owner="Browser">
<msg time="2024-10-14T20:02:34.151063" level="INFO">Clicks the element 'css=button &gt;&gt; text=Entrar'.</msg>
<arg>css=button &gt;&gt; text=Entrar</arg>
<tag>PageContent</tag>
<tag>Setter</tag>
<doc>Simulates mouse click on the element found by ``selector``.</doc>
<status status="PASS" start="2024-10-14T20:02:34.150248" elapsed="0.052671"/>
</kw>
<arg>${email}</arg>
<arg>${password}</arg>
<status status="PASS" start="2024-10-14T20:02:34.089789" elapsed="0.113579"/>
</kw>
<kw name="Notice should be" owner="BoxNotice">
<kw name="Set Variable" owner="BuiltIn">
<msg time="2024-10-14T20:02:34.204568" level="INFO">${element} = css=form .notice</msg>
<var>${element}</var>
<arg>css=form .notice</arg>
<doc>Returns the given values which can then be assigned to a variables.</doc>
<status status="PASS" start="2024-10-14T20:02:34.204365" elapsed="0.000229"/>
</kw>
<kw name="Wait For Elements State" owner="Browser">
<msg time="2024-10-14T20:02:34.519765" level="INFO">Waited for Element with selector css=form .notice at state visible</msg>
<arg>${element}</arg>
<arg>visible</arg>
<arg>5</arg>
<tag>PageContent</tag>
<tag>Wait</tag>
<doc>Waits for the element found by ``selector`` to satisfy state option.</doc>
<status status="PASS" start="2024-10-14T20:02:34.204726" elapsed="0.315295"/>
</kw>
<kw name="Get Text" owner="Browser">
<msg time="2024-10-14T20:02:34.561384" level="INFO">Text: 'Oops! O email informado é inválido'</msg>
<arg>css=form .notice</arg>
<arg>equal</arg>
<arg>${target}</arg>
<tag>Assertion</tag>
<tag>Getter</tag>
<tag>PageContent</tag>
<doc>Returns text attribute of the element found by ``selector``.</doc>
<status status="PASS" start="2024-10-14T20:02:34.520347" elapsed="0.041365"/>
</kw>
<arg>${output_message}</arg>
<status status="PASS" start="2024-10-14T20:02:34.203841" elapsed="0.358020"/>
</kw>
<arg>!@#$!@##@%$#$%$¨</arg>
<arg>pwd123</arg>
<arg>Oops! O email informado é inválido</arg>
<status status="PASS" start="2024-10-14T20:02:33.959892" elapsed="0.602028"/>
</kw>
<kw name="Login verify notice">
<kw name="Go to Login pages" owner="Login">
<kw name="Go To" owner="Browser">
<msg time="2024-10-14T20:02:34.665226" level="INFO">Successfully opened URL http://localhost:3000/login</msg>
<arg>${BASE_URL}/login</arg>
<tag>BrowserControl</tag>
<tag>Setter</tag>
<doc>Navigates to the given ``url``.</doc>
<status status="PASS" start="2024-10-14T20:02:34.562796" elapsed="0.102625"/>
</kw>
<status status="PASS" start="2024-10-14T20:02:34.562575" elapsed="0.102992"/>
</kw>
<kw name="Submit login form" owner="Login">
<kw name="Fill Text" owner="Browser">
<msg time="2024-10-14T20:02:34.667149" level="INFO">Fills the text 'sac*smartbit.com' in the given field.</msg>
<arg>css=input[name=email]</arg>
<arg>${email}</arg>
<tag>PageContent</tag>
<tag>Setter</tag>
<doc>Clears and fills the given ``txt`` into the text field found by ``selector``.</doc>
<status status="PASS" start="2024-10-14T20:02:34.666592" elapsed="0.043700"/>
</kw>
<kw name="Fill Text" owner="Browser">
<msg time="2024-10-14T20:02:34.711231" level="INFO">Fills the text 'pwd123' in the given field.</msg>
<arg>css=input[placeholder='Sua Senha']</arg>
<arg>${password}</arg>
<tag>PageContent</tag>
<tag>Setter</tag>
<doc>Clears and fills the given ``txt`` into the text field found by ``selector``.</doc>
<status status="PASS" start="2024-10-14T20:02:34.710623" elapsed="0.013969"/>
</kw>
<kw name="Click" owner="Browser">
<msg time="2024-10-14T20:02:34.725528" level="INFO">Clicks the element 'css=button &gt;&gt; text=Entrar'.</msg>
<arg>css=button &gt;&gt; text=Entrar</arg>
<tag>PageContent</tag>
<tag>Setter</tag>
<doc>Simulates mouse click on the element found by ``selector``.</doc>
<status status="PASS" start="2024-10-14T20:02:34.724915" elapsed="0.058182"/>
</kw>
<arg>${email}</arg>
<arg>${password}</arg>
<status status="PASS" start="2024-10-14T20:02:34.665814" elapsed="0.117470"/>
</kw>
<kw name="Notice should be" owner="BoxNotice">
<kw name="Set Variable" owner="BuiltIn">
<msg time="2024-10-14T20:02:34.784567" level="INFO">${element} = css=form .notice</msg>
<var>${element}</var>
<arg>css=form .notice</arg>
<doc>Returns the given values which can then be assigned to a variables.</doc>
<status status="PASS" start="2024-10-14T20:02:34.784058" elapsed="0.000576"/>
</kw>
<kw name="Wait For Elements State" owner="Browser">
<msg time="2024-10-14T20:02:35.105908" level="INFO">Waited for Element with selector css=form .notice at state visible</msg>
<arg>${element}</arg>
<arg>visible</arg>
<arg>5</arg>
<tag>PageContent</tag>
<tag>Wait</tag>
<doc>Waits for the element found by ``selector`` to satisfy state option.</doc>
<status status="PASS" start="2024-10-14T20:02:34.784932" elapsed="0.321230"/>
</kw>
<kw name="Get Text" owner="Browser">
<msg time="2024-10-14T20:02:35.154420" level="INFO">Text: 'Oops! O email informado é inválido'</msg>
<arg>css=form .notice</arg>
<arg>equal</arg>
<arg>${target}</arg>
<tag>Assertion</tag>
<tag>Getter</tag>
<tag>PageContent</tag>
<doc>Returns text attribute of the element found by ``selector``.</doc>
<status status="PASS" start="2024-10-14T20:02:35.106510" elapsed="0.048031"/>
</kw>
<arg>${output_message}</arg>
<status status="PASS" start="2024-10-14T20:02:34.783537" elapsed="0.371131"/>
</kw>
<arg>sac*smartbit.com</arg>
<arg>pwd123</arg>
<arg>Oops! O email informado é inválido</arg>
<status status="PASS" start="2024-10-14T20:02:34.562190" elapsed="0.592533"/>
</kw>
<kw name="Login verify notice">
<kw name="Go to Login pages" owner="Login">
<kw name="Go To" owner="Browser">
<msg time="2024-10-14T20:02:35.256600" level="INFO">Successfully opened URL http://localhost:3000/login</msg>
<arg>${BASE_URL}/login</arg>
<tag>BrowserControl</tag>
<tag>Setter</tag>
<doc>Navigates to the given ``url``.</doc>
<status status="PASS" start="2024-10-14T20:02:35.155607" elapsed="0.101183"/>
</kw>
<status status="PASS" start="2024-10-14T20:02:35.155404" elapsed="0.101536"/>
</kw>
<kw name="Submit login form" owner="Login">
<kw name="Fill Text" owner="Browser">
<msg time="2024-10-14T20:02:35.258161" level="INFO">Fills the text 'www.smartbit.com' in the given field.</msg>
<arg>css=input[name=email]</arg>
<arg>${email}</arg>
<tag>PageContent</tag>
<tag>Setter</tag>
<doc>Clears and fills the given ``txt`` into the text field found by ``selector``.</doc>
<status status="PASS" start="2024-10-14T20:02:35.257648" elapsed="0.046294"/>
</kw>
<kw name="Fill Text" owner="Browser">
<msg time="2024-10-14T20:02:35.304706" level="INFO">Fills the text 'pwd123' in the given field.</msg>
<arg>css=input[placeholder='Sua Senha']</arg>
<arg>${password}</arg>
<tag>PageContent</tag>
<tag>Setter</tag>
<doc>Clears and fills the given ``txt`` into the text field found by ``selector``.</doc>
<status status="PASS" start="2024-10-14T20:02:35.304239" elapsed="0.014677"/>
</kw>
<kw name="Click" owner="Browser">
<msg time="2024-10-14T20:02:35.320529" level="INFO">Clicks the element 'css=button &gt;&gt; text=Entrar'.</msg>
<arg>css=button &gt;&gt; text=Entrar</arg>
<tag>PageContent</tag>
<tag>Setter</tag>
<doc>Simulates mouse click on the element found by ``selector``.</doc>
<status status="PASS" start="2024-10-14T20:02:35.319659" elapsed="0.060411"/>
</kw>
<arg>${email}</arg>
<arg>${password}</arg>
<status status="PASS" start="2024-10-14T20:02:35.257212" elapsed="0.123109"/>
</kw>
<kw name="Notice should be" owner="BoxNotice">
<kw name="Set Variable" owner="BuiltIn">
<msg time="2024-10-14T20:02:35.381285" level="INFO">${element} = css=form .notice</msg>
<var>${element}</var>
<arg>css=form .notice</arg>
<doc>Returns the given values which can then be assigned to a variables.</doc>
<status status="PASS" start="2024-10-14T20:02:35.381075" elapsed="0.000248"/>
</kw>
<kw name="Wait For Elements State" owner="Browser">
<msg time="2024-10-14T20:02:35.699941" level="INFO">Waited for Element with selector css=form .notice at state visible</msg>
<arg>${element}</arg>
<arg>visible</arg>
<arg>5</arg>
<tag>PageContent</tag>
<tag>Wait</tag>
<doc>Waits for the element found by ``selector`` to satisfy state option.</doc>
<status status="PASS" start="2024-10-14T20:02:35.381575" elapsed="0.318803"/>
</kw>
<kw name="Get Text" owner="Browser">
<msg time="2024-10-14T20:02:35.749423" level="INFO">Text: 'Oops! O email informado é inválido'</msg>
<arg>css=form .notice</arg>
<arg>equal</arg>
<arg>${target}</arg>
<tag>Assertion</tag>
<tag>Getter</tag>
<tag>PageContent</tag>
<doc>Returns text attribute of the element found by ``selector``.</doc>
<status status="PASS" start="2024-10-14T20:02:35.701223" elapsed="0.048354"/>
</kw>
<arg>${output_message}</arg>
<status status="PASS" start="2024-10-14T20:02:35.380628" elapsed="0.369121"/>
</kw>
<arg>www.smartbit.com</arg>
<arg>pwd123</arg>
<arg>Oops! O email informado é inválido</arg>
<status status="PASS" start="2024-10-14T20:02:35.155013" elapsed="0.594839"/>
</kw>
<kw name="Login verify notice">
<kw name="Go to Login pages" owner="Login">
<kw name="Go To" owner="Browser">
<msg time="2024-10-14T20:02:35.857213" level="INFO">Successfully opened URL http://localhost:3000/login</msg>
<arg>${BASE_URL}/login</arg>
<tag>BrowserControl</tag>
<tag>Setter</tag>
<doc>Navigates to the given ``url``.</doc>
<status status="PASS" start="2024-10-14T20:02:35.751696" elapsed="0.105711"/>
</kw>
<status status="PASS" start="2024-10-14T20:02:35.750896" elapsed="0.106650"/>
</kw>
<kw name="Submit login form" owner="Login">
<kw name="Fill Text" owner="Browser">
<msg time="2024-10-14T20:02:35.858887" level="INFO">Fills the text 'smartbit.com@***' in the given field.</msg>
<arg>css=input[name=email]</arg>
<arg>${email}</arg>
<tag>PageContent</tag>
<tag>Setter</tag>
<doc>Clears and fills the given ``txt`` into the text field found by ``selector``.</doc>
<status status="PASS" start="2024-10-14T20:02:35.858322" elapsed="0.063914"/>
</kw>
<kw name="Fill Text" owner="Browser">
<msg time="2024-10-14T20:02:35.922955" level="INFO">Fills the text 'pwd123' in the given field.</msg>
<arg>css=input[placeholder='Sua Senha']</arg>
<arg>${password}</arg>
<tag>PageContent</tag>
<tag>Setter</tag>
<doc>Clears and fills the given ``txt`` into the text field found by ``selector``.</doc>
<status status="PASS" start="2024-10-14T20:02:35.922509" elapsed="0.017262"/>
</kw>
<kw name="Click" owner="Browser">
<msg time="2024-10-14T20:02:35.940661" level="INFO">Clicks the element 'css=button &gt;&gt; text=Entrar'.</msg>
<arg>css=button &gt;&gt; text=Entrar</arg>
<tag>PageContent</tag>
<tag>Setter</tag>
<doc>Simulates mouse click on the element found by ``selector``.</doc>
<status status="PASS" start="2024-10-14T20:02:35.940107" elapsed="0.044373"/>
</kw>
<arg>${email}</arg>
<arg>${password}</arg>
<status status="PASS" start="2024-10-14T20:02:35.857807" elapsed="0.126858"/>
</kw>
<kw name="Notice should be" owner="BoxNotice">
<kw name="Set Variable" owner="BuiltIn">
<msg time="2024-10-14T20:02:35.985847" level="INFO">${element} = css=form .notice</msg>
<var>${element}</var>
<arg>css=form .notice</arg>
<doc>Returns the given values which can then be assigned to a variables.</doc>
<status status="PASS" start="2024-10-14T20:02:35.985538" elapsed="0.000354"/>
</kw>
<kw name="Wait For Elements State" owner="Browser">
<msg time="2024-10-14T20:02:36.301867" level="INFO">Waited for Element with selector css=form .notice at state visible</msg>
<arg>${element}</arg>
<arg>visible</arg>
<arg>5</arg>
<tag>PageContent</tag>
<tag>Wait</tag>
<doc>Waits for the element found by ``selector`` to satisfy state option.</doc>
<status status="PASS" start="2024-10-14T20:02:35.986173" elapsed="0.316085"/>
</kw>
<kw name="Get Text" owner="Browser">
<msg time="2024-10-14T20:02:36.348369" level="INFO">Text: 'Oops! O email informado é inválido'</msg>
<arg>css=form .notice</arg>
<arg>equal</arg>
<arg>${target}</arg>
<tag>Assertion</tag>
<tag>Getter</tag>
<tag>PageContent</tag>
<doc>Returns text attribute of the element found by ``selector``.</doc>
<status status="PASS" start="2024-10-14T20:02:36.302855" elapsed="0.045660"/>
</kw>
<arg>${output_message}</arg>
<status status="PASS" start="2024-10-14T20:02:35.984958" elapsed="0.363711"/>
</kw>
<arg>smartbit.com@***</arg>
<arg>pwd123</arg>
<arg>Oops! O email informado é inválido</arg>
<status status="PASS" start="2024-10-14T20:02:35.750253" elapsed="0.598480"/>
</kw>
<kw name="Take Screenshot" owner="Browser" type="TEARDOWN">
<msg time="2024-10-14T20:02:36.384604" level="INFO" html="true">&lt;/td&gt;&lt;/tr&gt;&lt;tr&gt;&lt;td colspan="3"&gt;&lt;a href="browser/screenshot/robotframework-browser-screenshot-6.png" target="_blank"&gt;&lt;img src="browser/screenshot/robotframework-browser-screenshot-6.png" width="800px"/&gt;&lt;/a&gt;</msg>
<tag>PageContent</tag>
<doc>Takes a screenshot of the current window or element and saves it to disk.</doc>
<status status="PASS" start="2024-10-14T20:02:36.349103" elapsed="0.035688"/>
</kw>
<status status="PASS" start="2024-10-14T20:02:29.527805" elapsed="6.857198"/>
</test>
<doc>Tests scenarios of SAC Login</doc>
<status status="PASS" start="2024-10-14T20:02:18.434959" elapsed="17.991009"/>
</suite>
<statistics>
<total>
<stat pass="4" fail="0" skip="0">All Tests</stat>
</total>
<tag>
</tag>
<suite>
<stat pass="4" fail="0" skip="0" id="s1" name="Login">Login</stat>
</suite>
</statistics>
<errors>
</errors>
</robot>
